This file contains any messages produced by compilers while
running configure, to aid debugging if configure makes a mistake.

It was created by configure, which was
generated by GNU Autoconf 2.67.  Invocation command line was

  $ ./configure --disable-option-checking --prefix=/usr/local --enable-threads --enable-localjpeg --enable-localpng --enable-localzlib --cache-file=/dev/null --srcdir=. --no-create --no-recursion

## --------- ##
## Platform. ##
## --------- ##

hostname = vijay-Lenovo-IdeaPad-Y510
uname -m = i686
uname -r = 2.6.38-8-generic
uname -s = Linux
uname -v = #42-Ubuntu SMP Mon Apr 11 03:31:50 UTC 2011

/usr/bin/uname -p = unknown
/bin/uname -X     = unknown

/bin/arch              = unknown
/usr/bin/arch -k       = unknown
/usr/convex/getsysinfo = unknown
/usr/bin/hostinfo      = unknown
/bin/machine           = unknown
/usr/bin/oslevel       = unknown
/bin/universe          = unknown

PATH: /usr/local/sbin
PATH: /usr/local/bin
PATH: /usr/sbin
PATH: /usr/bin
PATH: /sbin
PATH: /bin
PATH: /usr/games


## ----------- ##
## Core tests. ##
## ----------- ##

configure:2703: checking for gcc
configure:2719: found /usr/bin/gcc
configure:2730: result: gcc
configure:2959: checking for C compiler version
configure:2968: gcc --version >&5
gcc (Ubuntu/Linaro 4.5.2-8ubuntu4) 4.5.2
Copyright (C) 2010 Free Software Foundation, Inc.
This is free software; see the source for copying conditions.  There is NO
warranty; not even for MERCHANTABILITY or FITNESS FOR A PARTICULAR PURPOSE.

configure:2979: $? = 0
configure:2968: gcc -v >&5
Using built-in specs.
COLLECT_GCC=gcc
COLLECT_LTO_WRAPPER=/usr/lib/i386-linux-gnu/gcc/i686-linux-gnu/4.5.2/lto-wrapper
Target: i686-linux-gnu
Configured with: ../src/configure -v --with-pkgversion='Ubuntu/Linaro 4.5.2-8ubuntu4' --with-bugurl=file:///usr/share/doc/gcc-4.5/README.Bugs --enable-languages=c,c++,fortran,objc,obj-c++ --prefix=/usr --program-suffix=-4.5 --enable-shared --enable-multiarch --with-multiarch-defaults=i386-linux-gnu --enable-linker-build-id --with-system-zlib --libexecdir=/usr/lib/i386-linux-gnu --without-included-gettext --enable-threads=posix --with-gxx-include-dir=/usr/include/c++/4.5 --libdir=/usr/lib/i386-linux-gnu --enable-nls --with-sysroot=/ --enable-clocale=gnu --enable-libstdcxx-debug --enable-libstdcxx-time=yes --enable-plugin --enable-gold --enable-ld=default --with-plugin-ld=ld.gold --enable-objc-gc --enable-targets=all --disable-werror --with-arch-32=i686 --with-tune=generic --enable-checking=release --build=i686-linux-gnu --host=i686-linux-gnu --target=i686-linux-gnu
Thread model: posix
gcc version 4.5.2 (Ubuntu/Linaro 4.5.2-8ubuntu4) 
configure:2979: $? = 0
configure:2968: gcc -V >&5
gcc: '-V' option must have argument
configure:2979: $? = 1
configure:2968: gcc -qversion >&5
gcc: unrecognized option '-qversion'
gcc: no input files
configure:2979: $? = 1
configure:2999: checking whether the C compiler works
configure:3021: gcc    conftest.c  >&5
configure:3025: $? = 0
configure:3073: result: yes
configure:3076: checking for C compiler default output file name
configure:3078: result: a.out
configure:3084: checking for suffix of executables
configure:3091: gcc -o conftest    conftest.c  >&5
configure:3095: $? = 0
configure:3117: result: 
configure:3139: checking whether we are cross compiling
configure:3147: gcc -o conftest    conftest.c  >&5
configure:3151: $? = 0
configure:3158: ./conftest
configure:3162: $? = 0
configure:3177: result: no
configure:3182: checking for suffix of object files
configure:3204: gcc -c   conftest.c >&5
configure:3208: $? = 0
configure:3229: result: o
configure:3233: checking whether we are using the GNU C compiler
configure:3252: gcc -c   conftest.c >&5
configure:3252: $? = 0
configure:3261: result: yes
configure:3270: checking whether gcc accepts -g
configure:3290: gcc -c -g  conftest.c >&5
configure:3290: $? = 0
configure:3331: result: yes
configure:3348: checking for gcc option to accept ISO C89
configure:3412: gcc  -c   conftest.c >&5
configure:3412: $? = 0
configure:3425: result: none needed
configure:3503: checking for g++
configure:3519: found /usr/bin/g++
configure:3530: result: g++
configure:3557: checking for C++ compiler version
configure:3566: g++ --version >&5
g++ (Ubuntu/Linaro 4.5.2-8ubuntu4) 4.5.2
Copyright (C) 2010 Free Software Foundation, Inc.
This is free software; see the source for copying conditions.  There is NO
warranty; not even for MERCHANTABILITY or FITNESS FOR A PARTICULAR PURPOSE.

configure:3577: $? = 0
configure:3566: g++ -v >&5
Using built-in specs.
COLLECT_GCC=g++
COLLECT_LTO_WRAPPER=/usr/lib/i386-linux-gnu/gcc/i686-linux-gnu/4.5.2/lto-wrapper
Target: i686-linux-gnu
Configured with: ../src/configure -v --with-pkgversion='Ubuntu/Linaro 4.5.2-8ubuntu4' --with-bugurl=file:///usr/share/doc/gcc-4.5/README.Bugs --enable-languages=c,c++,fortran,objc,obj-c++ --prefix=/usr --program-suffix=-4.5 --enable-shared --enable-multiarch --with-multiarch-defaults=i386-linux-gnu --enable-linker-build-id --with-system-zlib --libexecdir=/usr/lib/i386-linux-gnu --without-included-gettext --enable-threads=posix --with-gxx-include-dir=/usr/include/c++/4.5 --libdir=/usr/lib/i386-linux-gnu --enable-nls --with-sysroot=/ --enable-clocale=gnu --enable-libstdcxx-debug --enable-libstdcxx-time=yes --enable-plugin --enable-gold --enable-ld=default --with-plugin-ld=ld.gold --enable-objc-gc --enable-targets=all --disable-werror --with-arch-32=i686 --with-tune=generic --enable-checking=release --build=i686-linux-gnu --host=i686-linux-gnu --target=i686-linux-gnu
Thread model: posix
gcc version 4.5.2 (Ubuntu/Linaro 4.5.2-8ubuntu4) 
configure:3577: $? = 0
configure:3566: g++ -V >&5
g++: '-V' option must have argument
configure:3577: $? = 1
configure:3566: g++ -qversion >&5
g++: unrecognized option '-qversion'
g++: no input files
configure:3577: $? = 1
configure:3581: checking whether we are using the GNU C++ compiler
configure:3600: g++ -c   conftest.cpp >&5
configure:3600: $? = 0
configure:3609: result: yes
configure:3618: checking whether g++ accepts -g
configure:3638: g++ -c -g  conftest.cpp >&5
configure:3638: $? = 0
configure:3679: result: yes
configure:3745: checking for a BSD-compatible install
configure:3813: result: /usr/bin/install -c
configure:3835: checking for nroff
configure:3853: found /usr/bin/nroff
configure:3865: result: /usr/bin/nroff
configure:3923: checking for htmldoc
configure:3956: result: no
configure:4005: checking for ranlib
configure:4021: found /usr/bin/ranlib
configure:4032: result: ranlib
configure:4056: checking for ar
configure:4074: found /usr/bin/ar
configure:4086: result: /usr/bin/ar
configure:4113: checking how to run the C preprocessor
configure:4144: gcc -E  conftest.c
configure:4144: $? = 0
configure:4158: gcc -E  conftest.c
conftest.c:9:28: fatal error: ac_nonexistent.h: No such file or directory
compilation terminated.
configure:4158: $? = 1
configure: failed program was:
| /* confdefs.h */
| #define PACKAGE_NAME ""
| #define PACKAGE_TARNAME ""
| #define PACKAGE_VERSION ""
| #define PACKAGE_STRING ""
| #define PACKAGE_BUGREPORT ""
| #define PACKAGE_URL ""
| /* end confdefs.h.  */
| #include <ac_nonexistent.h>
configure:4183: result: gcc -E
configure:4203: gcc -E  conftest.c
configure:4203: $? = 0
configure:4217: gcc -E  conftest.c
conftest.c:9:28: fatal error: ac_nonexistent.h: No such file or directory
compilation terminated.
configure:4217: $? = 1
configure: failed program was:
| /* confdefs.h */
| #define PACKAGE_NAME ""
| #define PACKAGE_TARNAME ""
| #define PACKAGE_VERSION ""
| #define PACKAGE_STRING ""
| #define PACKAGE_BUGREPORT ""
| #define PACKAGE_URL ""
| /* end confdefs.h.  */
| #include <ac_nonexistent.h>
configure:4246: checking for grep that handles long lines and -e
configure:4304: result: /bin/grep
configure:4309: checking for egrep
configure:4371: result: /bin/grep -E
configure:4376: checking for ANSI C header files
configure:4396: gcc -c   conftest.c >&5
configure:4396: $? = 0
configure:4469: gcc -o conftest    conftest.c  >&5
configure:4469: $? = 0
configure:4469: ./conftest
configure:4469: $? = 0
configure:4480: result: yes
configure:4493: checking for sys/types.h
configure:4493: gcc -c   conftest.c >&5
configure:4493: $? = 0
configure:4493: result: yes
configure:4493: checking for sys/stat.h
configure:4493: gcc -c   conftest.c >&5
configure:4493: $? = 0
configure:4493: result: yes
configure:4493: checking for stdlib.h
configure:4493: gcc -c   conftest.c >&5
configure:4493: $? = 0
configure:4493: result: yes
configure:4493: checking for string.h
configure:4493: gcc -c   conftest.c >&5
configure:4493: $? = 0
configure:4493: result: yes
configure:4493: checking for memory.h
configure:4493: gcc -c   conftest.c >&5
configure:4493: $? = 0
configure:4493: result: yes
configure:4493: checking for strings.h
configure:4493: gcc -c   conftest.c >&5
configure:4493: $? = 0
configure:4493: result: yes
configure:4493: checking for inttypes.h
configure:4493: gcc -c   conftest.c >&5
configure:4493: $? = 0
configure:4493: result: yes
configure:4493: checking for stdint.h
configure:4493: gcc -c   conftest.c >&5
configure:4493: $? = 0
configure:4493: result: yes
configure:4493: checking for unistd.h
configure:4493: gcc -c   conftest.c >&5
configure:4493: $? = 0
configure:4493: result: yes
configure:4505: checking whether byte ordering is bigendian
configure:4520: gcc -c   conftest.c >&5
conftest.c:20:13: error: expected '=', ',', ';', 'asm' or '__attribute__' before 'a'
configure:4520: $? = 1
configure: failed program was:
| /* confdefs.h */
| #define PACKAGE_NAME ""
| #define PACKAGE_TARNAME ""
| #define PACKAGE_VERSION ""
| #define PACKAGE_STRING ""
| #define PACKAGE_BUGREPORT ""
| #define PACKAGE_URL ""
| #define STDC_HEADERS 1
| #define HAVE_SYS_TYPES_H 1
| #define HAVE_SYS_STAT_H 1
| #define HAVE_STDLIB_H 1
| #define HAVE_STRING_H 1
| #define HAVE_MEMORY_H 1
| #define HAVE_STRINGS_H 1
| #define HAVE_INTTYPES_H 1
| #define HAVE_STDINT_H 1
| #define HAVE_UNISTD_H 1
| /* end confdefs.h.  */
| #ifndef __APPLE_CC__
| 	       not a universal capable compiler
| 	     #endif
| 	     typedef int dummy;
| 
configure:4565: gcc -c   conftest.c >&5
configure:4565: $? = 0
configure:4583: gcc -c   conftest.c >&5
conftest.c: In function 'main':
conftest.c:26:4: error: 'not' undeclared (first use in this function)
conftest.c:26:4: note: each undeclared identifier is reported only once for each function it appears in
conftest.c:26:8: error: expected ';' before 'big'
configure:4583: $? = 1
configure: failed program was:
| /* confdefs.h */
| #define PACKAGE_NAME ""
| #define PACKAGE_TARNAME ""
| #define PACKAGE_VERSION ""
| #define PACKAGE_STRING ""
| #define PACKAGE_BUGREPORT ""
| #define PACKAGE_URL ""
| #define STDC_HEADERS 1
| #define HAVE_SYS_TYPES_H 1
| #define HAVE_SYS_STAT_H 1
| #define HAVE_STDLIB_H 1
| #define HAVE_STRING_H 1
| #define HAVE_MEMORY_H 1
| #define HAVE_STRINGS_H 1
| #define HAVE_INTTYPES_H 1
| #define HAVE_STDINT_H 1
| #define HAVE_UNISTD_H 1
| /* end confdefs.h.  */
| #include <sys/types.h>
| 		#include <sys/param.h>
| 
| int
| main ()
| {
| #if BYTE_ORDER != BIG_ENDIAN
| 		 not big endian
| 		#endif
| 
|   ;
|   return 0;
| }
configure:4711: result: no
configure:4734: checking size of short
configure:4739: gcc -o conftest    conftest.c  >&5
configure:4739: $? = 0
configure:4739: ./conftest
configure:4739: $? = 0
configure:4753: result: 2
configure:4767: checking size of int
configure:4772: gcc -o conftest    conftest.c  >&5
configure:4772: $? = 0
configure:4772: ./conftest
configure:4772: $? = 0
configure:4786: result: 4
configure:4800: checking size of long
configure:4805: gcc -o conftest    conftest.c  >&5
configure:4805: $? = 0
configure:4805: ./conftest
configure:4805: $? = 0
configure:4819: result: 4
configure:4853: checking whether the compiler recognizes bool as a built-in type
configure:4884: g++ -c   conftest.cpp >&5
configure:4884: $? = 0
configure:4898: result: yes
configure:4908: checking for dirent.h that defines DIR
configure:4927: gcc -c   conftest.c >&5
configure:4927: $? = 0
configure:4935: result: yes
configure:4948: checking for library containing opendir
configure:4979: gcc -o conftest    conftest.c  >&5
configure:4979: $? = 0
configure:4996: result: none required
configure:5063: checking sys/select.h usability
configure:5063: gcc -c   conftest.c >&5
configure:5063: $? = 0
configure:5063: result: yes
configure:5063: checking sys/select.h presence
configure:5063: gcc -E  conftest.c
configure:5063: $? = 0
configure:5063: result: yes
configure:5063: checking for sys/select.h
configure:5063: result: yes
configure:5070: checking sys/stdtypes.h usability
configure:5070: gcc -c   conftest.c >&5
conftest.c:59:26: fatal error: sys/stdtypes.h: No such file or directory
compilation terminated.
configure:5070: $? = 1
configure: failed program was:
| /* confdefs.h */
| #define PACKAGE_NAME ""
| #define PACKAGE_TARNAME ""
| #define PACKAGE_VERSION ""
| #define PACKAGE_STRING ""
| #define PACKAGE_BUGREPORT ""
| #define PACKAGE_URL ""
| #define STDC_HEADERS 1
| #define HAVE_SYS_TYPES_H 1
| #define HAVE_SYS_STAT_H 1
| #define HAVE_STDLIB_H 1
| #define HAVE_STRING_H 1
| #define HAVE_MEMORY_H 1
| #define HAVE_STRINGS_H 1
| #define HAVE_INTTYPES_H 1
| #define HAVE_STDINT_H 1
| #define HAVE_UNISTD_H 1
| #define SIZEOF_SHORT 2
| #define SIZEOF_INT 4
| #define SIZEOF_LONG 4
| #define U16 unsigned short
| #define U32 unsigned
| #define HAVE_DIRENT_H 1
| #define HAVE_SYS_SELECT_H 1
| /* end confdefs.h.  */
| #include <stdio.h>
| #ifdef HAVE_SYS_TYPES_H
| # include <sys/types.h>
| #endif
| #ifdef HAVE_SYS_STAT_H
| # include <sys/stat.h>
| #endif
| #ifdef STDC_HEADERS
| # include <stdlib.h>
| # include <stddef.h>
| #else
| # ifdef HAVE_STDLIB_H
| #  include <stdlib.h>
| # endif
| #endif
| #ifdef HAVE_STRING_H
| # if !defined STDC_HEADERS && defined HAVE_MEMORY_H
| #  include <memory.h>
| # endif
| # include <string.h>
| #endif
| #ifdef HAVE_STRINGS_H
| # include <strings.h>
| #endif
| #ifdef HAVE_INTTYPES_H
| # include <inttypes.h>
| #endif
| #ifdef HAVE_STDINT_H
| # include <stdint.h>
| #endif
| #ifdef HAVE_UNISTD_H
| # include <unistd.h>
| #endif
| #include <sys/stdtypes.h>
configure:5070: result: no
configure:5070: checking sys/stdtypes.h presence
configure:5070: gcc -E  conftest.c
conftest.c:26:26: fatal error: sys/stdtypes.h: No such file or directory
compilation terminated.
configure:5070: $? = 1
configure: failed program was:
| /* confdefs.h */
| #define PACKAGE_NAME ""
| #define PACKAGE_TARNAME ""
| #define PACKAGE_VERSION ""
| #define PACKAGE_STRING ""
| #define PACKAGE_BUGREPORT ""
| #define PACKAGE_URL ""
| #define STDC_HEADERS 1
| #define HAVE_SYS_TYPES_H 1
| #define HAVE_SYS_STAT_H 1
| #define HAVE_STDLIB_H 1
| #define HAVE_STRING_H 1
| #define HAVE_MEMORY_H 1
| #define HAVE_STRINGS_H 1
| #define HAVE_INTTYPES_H 1
| #define HAVE_STDINT_H 1
| #define HAVE_UNISTD_H 1
| #define SIZEOF_SHORT 2
| #define SIZEOF_INT 4
| #define SIZEOF_LONG 4
| #define U16 unsigned short
| #define U32 unsigned
| #define HAVE_DIRENT_H 1
| #define HAVE_SYS_SELECT_H 1
| /* end confdefs.h.  */
| #include <sys/stdtypes.h>
configure:5070: result: no
configure:5070: checking for sys/stdtypes.h
configure:5070: result: no
configure:5077: checking for scandir
configure:5077: gcc -o conftest    conftest.c  >&5
configure:5077: $? = 0
configure:5077: result: yes
configure:5088: checking for vsnprintf
configure:5088: gcc -o conftest    conftest.c  >&5
conftest.c:50:6: warning: conflicting types for built-in function 'vsnprintf'
configure:5088: $? = 0
configure:5088: result: yes
configure:5119: checking for snprintf
configure:5119: gcc -o conftest    conftest.c  >&5
conftest.c:51:6: warning: conflicting types for built-in function 'snprintf'
configure:5119: $? = 0
configure:5119: result: yes
configure:5150: checking for strings.h
configure:5150: result: yes
configure:5160: checking for strcasecmp
configure:5160: gcc -o conftest    conftest.c  >&5
conftest.c:53:6: warning: conflicting types for built-in function 'strcasecmp'
configure:5160: $? = 0
configure:5160: result: yes
configure:5160: checking for strlcat
configure:5160: gcc -o conftest    conftest.c  >&5
/tmp/ccMEOe7b.o: In function `main':
conftest.c:(.text+0x7): undefined reference to `strlcat'
collect2: ld returned 1 exit status
configure:5160: $? = 1
configure: failed program was:
| /* confdefs.h */
| #define PACKAGE_NAME ""
| #define PACKAGE_TARNAME ""
| #define PACKAGE_VERSION ""
| #define PACKAGE_STRING ""
| #define PACKAGE_BUGREPORT ""
| #define PACKAGE_URL ""
| #define STDC_HEADERS 1
| #define HAVE_SYS_TYPES_H 1
| #define HAVE_SYS_STAT_H 1
| #define HAVE_STDLIB_H 1
| #define HAVE_STRING_H 1
| #define HAVE_MEMORY_H 1
| #define HAVE_STRINGS_H 1
| #define HAVE_INTTYPES_H 1
| #define HAVE_STDINT_H 1
| #define HAVE_UNISTD_H 1
| #define SIZEOF_SHORT 2
| #define SIZEOF_INT 4
| #define SIZEOF_LONG 4
| #define U16 unsigned short
| #define U32 unsigned
| #define HAVE_DIRENT_H 1
| #define HAVE_SYS_SELECT_H 1
| #define HAVE_SCANDIR 1
| #define HAVE_VSNPRINTF 1
| #define HAVE_SNPRINTF 1
| #define HAVE_STRINGS_H 1
| #define HAVE_STRCASECMP 1
| /* end confdefs.h.  */
| /* Define strlcat to an innocuous variant, in case <limits.h> declares strlcat.
|    For example, HP-UX 11i <limits.h> declares gettimeofday.  */
| #define strlcat innocuous_strlcat
| 
| /* System header to define __stub macros and hopefully few prototypes,
|     which can conflict with char strlcat (); below.
|     Prefer <limits.h> to <assert.h> if __STDC__ is defined, since
|     <limits.h> exists even on freestanding compilers.  */
| 
| #ifdef __STDC__
| # include <limits.h>
| #else
| # include <assert.h>
| #endif
| 
| #undef strlcat
| 
| /* Override any GCC internal prototype to avoid an error.
|    Use char because int might match the return type of a GCC
|    builtin and then its argument prototype would still apply.  */
| #ifdef __cplusplus
| extern "C"
| #endif
| char strlcat ();
| /* The GNU C library defines this for functions which it implements
|     to always fail with ENOSYS.  Some functions are actually named
|     something starting with __ and the normal name is an alias.  */
| #if defined __stub_strlcat || defined __stub___strlcat
| choke me
| #endif
| 
| int
| main ()
| {
| return strlcat ();
|   ;
|   return 0;
| }
configure:5160: result: no
configure:5160: checking for strlcpy
configure:5160: gcc -o conftest    conftest.c  >&5
/tmp/ccEO2bwn.o: In function `main':
conftest.c:(.text+0x7): undefined reference to `strlcpy'
collect2: ld returned 1 exit status
configure:5160: $? = 1
configure: failed program was:
| /* confdefs.h */
| #define PACKAGE_NAME ""
| #define PACKAGE_TARNAME ""
| #define PACKAGE_VERSION ""
| #define PACKAGE_STRING ""
| #define PACKAGE_BUGREPORT ""
| #define PACKAGE_URL ""
| #define STDC_HEADERS 1
| #define HAVE_SYS_TYPES_H 1
| #define HAVE_SYS_STAT_H 1
| #define HAVE_STDLIB_H 1
| #define HAVE_STRING_H 1
| #define HAVE_MEMORY_H 1
| #define HAVE_STRINGS_H 1
| #define HAVE_INTTYPES_H 1
| #define HAVE_STDINT_H 1
| #define HAVE_UNISTD_H 1
| #define SIZEOF_SHORT 2
| #define SIZEOF_INT 4
| #define SIZEOF_LONG 4
| #define U16 unsigned short
| #define U32 unsigned
| #define HAVE_DIRENT_H 1
| #define HAVE_SYS_SELECT_H 1
| #define HAVE_SCANDIR 1
| #define HAVE_VSNPRINTF 1
| #define HAVE_SNPRINTF 1
| #define HAVE_STRINGS_H 1
| #define HAVE_STRCASECMP 1
| /* end confdefs.h.  */
| /* Define strlcpy to an innocuous variant, in case <limits.h> declares strlcpy.
|    For example, HP-UX 11i <limits.h> declares gettimeofday.  */
| #define strlcpy innocuous_strlcpy
| 
| /* System header to define __stub macros and hopefully few prototypes,
|     which can conflict with char strlcpy (); below.
|     Prefer <limits.h> to <assert.h> if __STDC__ is defined, since
|     <limits.h> exists even on freestanding compilers.  */
| 
| #ifdef __STDC__
| # include <limits.h>
| #else
| # include <assert.h>
| #endif
| 
| #undef strlcpy
| 
| /* Override any GCC internal prototype to avoid an error.
|    Use char because int might match the return type of a GCC
|    builtin and then its argument prototype would still apply.  */
| #ifdef __cplusplus
| extern "C"
| #endif
| char strlcpy ();
| /* The GNU C library defines this for functions which it implements
|     to always fail with ENOSYS.  Some functions are actually named
|     something starting with __ and the normal name is an alias.  */
| #if defined __stub_strlcpy || defined __stub___strlcpy
| choke me
| #endif
| 
| int
| main ()
| {
| return strlcpy ();
|   ;
|   return 0;
| }
configure:5160: result: no
configure:5170: checking locale.h usability
configure:5170: gcc -c   conftest.c >&5
configure:5170: $? = 0
configure:5170: result: yes
configure:5170: checking locale.h presence
configure:5170: gcc -E  conftest.c
configure:5170: $? = 0
configure:5170: result: yes
configure:5170: checking for locale.h
configure:5170: result: yes
configure:5179: checking for localeconv
configure:5179: gcc -o conftest    conftest.c  >&5
configure:5179: $? = 0
configure:5179: result: yes
configure:5189: checking for library containing pow
configure:5220: gcc -o conftest    conftest.c  >&5
conftest.c:40:6: warning: conflicting types for built-in function 'pow'
/tmp/cchJvT4y.o: In function `main':
conftest.c:(.text+0x7): undefined reference to `pow'
collect2: ld returned 1 exit status
configure:5220: $? = 1
configure: failed program was:
| /* confdefs.h */
| #define PACKAGE_NAME ""
| #define PACKAGE_TARNAME ""
| #define PACKAGE_VERSION ""
| #define PACKAGE_STRING ""
| #define PACKAGE_BUGREPORT ""
| #define PACKAGE_URL ""
| #define STDC_HEADERS 1
| #define HAVE_SYS_TYPES_H 1
| #define HAVE_SYS_STAT_H 1
| #define HAVE_STDLIB_H 1
| #define HAVE_STRING_H 1
| #define HAVE_MEMORY_H 1
| #define HAVE_STRINGS_H 1
| #define HAVE_INTTYPES_H 1
| #define HAVE_STDINT_H 1
| #define HAVE_UNISTD_H 1
| #define SIZEOF_SHORT 2
| #define SIZEOF_INT 4
| #define SIZEOF_LONG 4
| #define U16 unsigned short
| #define U32 unsigned
| #define HAVE_DIRENT_H 1
| #define HAVE_SYS_SELECT_H 1
| #define HAVE_SCANDIR 1
| #define HAVE_VSNPRINTF 1
| #define HAVE_SNPRINTF 1
| #define HAVE_STRINGS_H 1
| #define HAVE_STRCASECMP 1
| #define HAVE_LOCALE_H 1
| #define HAVE_LOCALECONV 1
| /* end confdefs.h.  */
| 
| /* Override any GCC internal prototype to avoid an error.
|    Use char because int might match the return type of a GCC
|    builtin and then its argument prototype would still apply.  */
| #ifdef __cplusplus
| extern "C"
| #endif
| char pow ();
| int
| main ()
| {
| return pow ();
|   ;
|   return 0;
| }
configure:5220: gcc -o conftest    conftest.c -lm   >&5
conftest.c:40:6: warning: conflicting types for built-in function 'pow'
configure:5220: $? = 0
configure:5237: result: -lm
configure:5253: checking for special C compiler options needed for large files
configure:5298: result: no
configure:5304: checking for _FILE_OFFSET_BITS value needed for large files
configure:5329: gcc -c   conftest.c >&5
conftest.c:39:3: warning: left shift count >= width of type
conftest.c:39:3: warning: left shift count >= width of type
conftest.c:40:10: warning: left shift count >= width of type
conftest.c:40:10: warning: left shift count >= width of type
conftest.c:39:7: error: size of array 'off_t_is_large' is negative
conftest.c:41:9: warning: variably modified 'off_t_is_large' at file scope
configure:5329: $? = 1
configure: failed program was:
| /* confdefs.h */
| #define PACKAGE_NAME ""
| #define PACKAGE_TARNAME ""
| #define PACKAGE_VERSION ""
| #define PACKAGE_STRING ""
| #define PACKAGE_BUGREPORT ""
| #define PACKAGE_URL ""
| #define STDC_HEADERS 1
| #define HAVE_SYS_TYPES_H 1
| #define HAVE_SYS_STAT_H 1
| #define HAVE_STDLIB_H 1
| #define HAVE_STRING_H 1
| #define HAVE_MEMORY_H 1
| #define HAVE_STRINGS_H 1
| #define HAVE_INTTYPES_H 1
| #define HAVE_STDINT_H 1
| #define HAVE_UNISTD_H 1
| #define SIZEOF_SHORT 2
| #define SIZEOF_INT 4
| #define SIZEOF_LONG 4
| #define U16 unsigned short
| #define U32 unsigned
| #define HAVE_DIRENT_H 1
| #define HAVE_SYS_SELECT_H 1
| #define HAVE_SCANDIR 1
| #define HAVE_VSNPRINTF 1
| #define HAVE_SNPRINTF 1
| #define HAVE_STRINGS_H 1
| #define HAVE_STRCASECMP 1
| #define HAVE_LOCALE_H 1
| #define HAVE_LOCALECONV 1
| /* end confdefs.h.  */
| #include <sys/types.h>
|  /* Check that off_t can represent 2**63 - 1 correctly.
|     We can't simply define LARGE_OFF_T to be 9223372036854775807,
|     since some C++ compilers masquerading as C compilers
|     incorrectly reject 9223372036854775807.  */
| #define LARGE_OFF_T (((off_t) 1 << 62) - 1 + ((off_t) 1 << 62))
|   int off_t_is_large[(LARGE_OFF_T % 2147483629 == 721
| 		       && LARGE_OFF_T % 2147483647 == 1)
| 		      ? 1 : -1];
| int
| main ()
| {
| 
|   ;
|   return 0;
| }
configure:5353: gcc -c   conftest.c >&5
configure:5353: $? = 0
configure:5361: result: 64
configure:5459: checking for long long int
configure:5486: result: yes
configure:5494: checking for strtoll
configure:5494: gcc -o conftest    conftest.c -lm  >&5
configure:5494: $? = 0
configure:5494: result: yes
configure:5501: checking for library containing dlsym
configure:5532: gcc -o conftest    conftest.c -lm  >&5
/tmp/ccTfMnF3.o: In function `main':
conftest.c:(.text+0x7): undefined reference to `dlsym'
collect2: ld returned 1 exit status
configure:5532: $? = 1
configure: failed program was:
| /* confdefs.h */
| #define PACKAGE_NAME ""
| #define PACKAGE_TARNAME ""
| #define PACKAGE_VERSION ""
| #define PACKAGE_STRING ""
| #define PACKAGE_BUGREPORT ""
| #define PACKAGE_URL ""
| #define STDC_HEADERS 1
| #define HAVE_SYS_TYPES_H 1
| #define HAVE_SYS_STAT_H 1
| #define HAVE_STDLIB_H 1
| #define HAVE_STRING_H 1
| #define HAVE_MEMORY_H 1
| #define HAVE_STRINGS_H 1
| #define HAVE_INTTYPES_H 1
| #define HAVE_STDINT_H 1
| #define HAVE_UNISTD_H 1
| #define SIZEOF_SHORT 2
| #define SIZEOF_INT 4
| #define SIZEOF_LONG 4
| #define U16 unsigned short
| #define U32 unsigned
| #define HAVE_DIRENT_H 1
| #define HAVE_SYS_SELECT_H 1
| #define HAVE_SCANDIR 1
| #define HAVE_VSNPRINTF 1
| #define HAVE_SNPRINTF 1
| #define HAVE_STRINGS_H 1
| #define HAVE_STRCASECMP 1
| #define HAVE_LOCALE_H 1
| #define HAVE_LOCALECONV 1
| #define _FILE_OFFSET_BITS 64
| #define HAVE_LONG_LONG 1
| #define HAVE_STRTOLL 1
| /* end confdefs.h.  */
| 
| /* Override any GCC internal prototype to avoid an error.
|    Use char because int might match the return type of a GCC
|    builtin and then its argument prototype would still apply.  */
| #ifdef __cplusplus
| extern "C"
| #endif
| char dlsym ();
| int
| main ()
| {
| return dlsym ();
|   ;
|   return 0;
| }
configure:5532: gcc -o conftest    conftest.c -ldl  -lm  >&5
configure:5532: $? = 0
configure:5549: result: -ldl
configure:5558: checking dlfcn.h usability
configure:5558: gcc -c   conftest.c >&5
configure:5558: $? = 0
configure:5558: result: yes
configure:5558: checking dlfcn.h presence
configure:5558: gcc -E  conftest.c
configure:5558: $? = 0
configure:5558: result: yes
configure:5558: checking for dlfcn.h
configure:5558: result: yes
configure:5578: checking alsa/asoundlib.h usability
configure:5578: gcc -c   conftest.c >&5
conftest.c:71:28: fatal error: alsa/asoundlib.h: No such file or directory
compilation terminated.
configure:5578: $? = 1
configure: failed program was:
| /* confdefs.h */
| #define PACKAGE_NAME ""
| #define PACKAGE_TARNAME ""
| #define PACKAGE_VERSION ""
| #define PACKAGE_STRING ""
| #define PACKAGE_BUGREPORT ""
| #define PACKAGE_URL ""
| #define STDC_HEADERS 1
| #define HAVE_SYS_TYPES_H 1
| #define HAVE_SYS_STAT_H 1
| #define HAVE_STDLIB_H 1
| #define HAVE_STRING_H 1
| #define HAVE_MEMORY_H 1
| #define HAVE_STRINGS_H 1
| #define HAVE_INTTYPES_H 1
| #define HAVE_STDINT_H 1
| #define HAVE_UNISTD_H 1
| #define SIZEOF_SHORT 2
| #define SIZEOF_INT 4
| #define SIZEOF_LONG 4
| #define U16 unsigned short
| #define U32 unsigned
| #define HAVE_DIRENT_H 1
| #define HAVE_SYS_SELECT_H 1
| #define HAVE_SCANDIR 1
| #define HAVE_VSNPRINTF 1
| #define HAVE_SNPRINTF 1
| #define HAVE_STRINGS_H 1
| #define HAVE_STRCASECMP 1
| #define HAVE_LOCALE_H 1
| #define HAVE_LOCALECONV 1
| #define _FILE_OFFSET_BITS 64
| #define HAVE_LONG_LONG 1
| #define HAVE_STRTOLL 1
| #define HAVE_DLSYM 1
| #define HAVE_DLFCN_H 1
| /* end confdefs.h.  */
| #include <stdio.h>
| #ifdef HAVE_SYS_TYPES_H
| # include <sys/types.h>
| #endif
| #ifdef HAVE_SYS_STAT_H
| # include <sys/stat.h>
| #endif
| #ifdef STDC_HEADERS
| # include <stdlib.h>
| # include <stddef.h>
| #else
| # ifdef HAVE_STDLIB_H
| #  include <stdlib.h>
| # endif
| #endif
| #ifdef HAVE_STRING_H
| # if !defined STDC_HEADERS && defined HAVE_MEMORY_H
| #  include <memory.h>
| # endif
| # include <string.h>
| #endif
| #ifdef HAVE_STRINGS_H
| # include <strings.h>
| #endif
| #ifdef HAVE_INTTYPES_H
| # include <inttypes.h>
| #endif
| #ifdef HAVE_STDINT_H
| # include <stdint.h>
| #endif
| #ifdef HAVE_UNISTD_H
| # include <unistd.h>
| #endif
| #include <alsa/asoundlib.h>
configure:5578: result: no
configure:5578: checking alsa/asoundlib.h presence
configure:5578: gcc -E  conftest.c
conftest.c:38:28: fatal error: alsa/asoundlib.h: No such file or directory
compilation terminated.
configure:5578: $? = 1
configure: failed program was:
| /* confdefs.h */
| #define PACKAGE_NAME ""
| #define PACKAGE_TARNAME ""
| #define PACKAGE_VERSION ""
| #define PACKAGE_STRING ""
| #define PACKAGE_BUGREPORT ""
| #define PACKAGE_URL ""
| #define STDC_HEADERS 1
| #define HAVE_SYS_TYPES_H 1
| #define HAVE_SYS_STAT_H 1
| #define HAVE_STDLIB_H 1
| #define HAVE_STRING_H 1
| #define HAVE_MEMORY_H 1
| #define HAVE_STRINGS_H 1
| #define HAVE_INTTYPES_H 1
| #define HAVE_STDINT_H 1
| #define HAVE_UNISTD_H 1
| #define SIZEOF_SHORT 2
| #define SIZEOF_INT 4
| #define SIZEOF_LONG 4
| #define U16 unsigned short
| #define U32 unsigned
| #define HAVE_DIRENT_H 1
| #define HAVE_SYS_SELECT_H 1
| #define HAVE_SCANDIR 1
| #define HAVE_VSNPRINTF 1
| #define HAVE_SNPRINTF 1
| #define HAVE_STRINGS_H 1
| #define HAVE_STRCASECMP 1
| #define HAVE_LOCALE_H 1
| #define HAVE_LOCALECONV 1
| #define _FILE_OFFSET_BITS 64
| #define HAVE_LONG_LONG 1
| #define HAVE_STRTOLL 1
| #define HAVE_DLSYM 1
| #define HAVE_DLFCN_H 1
| /* end confdefs.h.  */
| #include <alsa/asoundlib.h>
configure:5578: result: no
configure:5578: checking for alsa/asoundlib.h
configure:5578: result: no
configure:5604: checking for jpeg_CreateCompress in -ljpeg
configure:5638: result: no
configure:5668: checking for gzgets in -lz
configure:5702: result: no
configure:5734: checking for png_set_tRNS_to_alpha in -lpng
configure:5768: result: no
configure:5816: checking pthread.h usability
configure:5816: gcc -c   conftest.c >&5
configure:5816: $? = 0
configure:5816: result: yes
configure:5816: checking pthread.h presence
configure:5816: gcc -E  conftest.c
configure:5816: $? = 0
configure:5816: result: yes
configure:5816: checking for pthread.h
configure:5816: result: yes
configure:5826: checking for pthread_create using -lpthreads
configure:5841: gcc -o conftest    conftest.c -lpthreads -ldl -lm  >&5
/usr/bin/ld: cannot find -lpthreads
collect2: ld returned 1 exit status
configure:5841: $? = 1
configure: failed program was:
| /* confdefs.h */
| #define PACKAGE_NAME ""
| #define PACKAGE_TARNAME ""
| #define PACKAGE_VERSION ""
| #define PACKAGE_STRING ""
| #define PACKAGE_BUGREPORT ""
| #define PACKAGE_URL ""
| #define STDC_HEADERS 1
| #define HAVE_SYS_TYPES_H 1
| #define HAVE_SYS_STAT_H 1
| #define HAVE_STDLIB_H 1
| #define HAVE_STRING_H 1
| #define HAVE_MEMORY_H 1
| #define HAVE_STRINGS_H 1
| #define HAVE_INTTYPES_H 1
| #define HAVE_STDINT_H 1
| #define HAVE_UNISTD_H 1
| #define SIZEOF_SHORT 2
| #define SIZEOF_INT 4
| #define SIZEOF_LONG 4
| #define U16 unsigned short
| #define U32 unsigned
| #define HAVE_DIRENT_H 1
| #define HAVE_SYS_SELECT_H 1
| #define HAVE_SCANDIR 1
| #define HAVE_VSNPRINTF 1
| #define HAVE_SNPRINTF 1
| #define HAVE_STRINGS_H 1
| #define HAVE_STRCASECMP 1
| #define HAVE_LOCALE_H 1
| #define HAVE_LOCALECONV 1
| #define _FILE_OFFSET_BITS 64
| #define HAVE_LONG_LONG 1
| #define HAVE_STRTOLL 1
| #define HAVE_DLSYM 1
| #define HAVE_DLFCN_H 1
| #define HAVE_LIBJPEG 1
| #define HAVE_LIBZ 1
| #define HAVE_LIBPNG 1
| #define HAVE_PNG_H 1
| #define HAVE_PTHREAD_H 1
| /* end confdefs.h.  */
| #include <pthread.h>
| int
| main ()
| {
| pthread_create(0, 0, 0, 0);
|   ;
|   return 0;
| }
configure:5848: result: no
configure:5826: checking for pthread_create using -lpthread
configure:5841: gcc -o conftest    conftest.c -lpthread -ldl -lm  >&5
configure:5841: $? = 0
configure:5848: result: yes
configure:5982: checking for X
configure:6090: gcc -E  conftest.c
configure:6090: $? = 0
configure:6121: gcc -o conftest    conftest.c -lX11 -lpthread -ldl -lm  >&5
configure:6121: $? = 0
configure:6171: result: libraries , headers 
configure:6270: gcc -o conftest    conftest.c -lpthread -ldl -lm   -lX11 >&5
configure:6270: $? = 0
configure:6368: checking for gethostbyname
configure:6368: gcc -o conftest    conftest.c -lpthread -ldl -lm  >&5
configure:6368: $? = 0
configure:6368: result: yes
configure:6465: checking for connect
configure:6465: gcc -o conftest    conftest.c -lpthread -ldl -lm  >&5
configure:6465: $? = 0
configure:6465: result: yes
configure:6514: checking for remove
configure:6514: gcc -o conftest    conftest.c -lpthread -ldl -lm  >&5
configure:6514: $? = 0
configure:6514: result: yes
configure:6563: checking for shmat
configure:6563: gcc -o conftest    conftest.c -lpthread -ldl -lm  >&5
configure:6563: $? = 0
configure:6563: result: yes
configure:6621: checking for IceConnectionNumber in -lICE
configure:6646: gcc -o conftest    conftest.c -lICE  -lpthread -ldl -lm  >&5
/usr/bin/ld: cannot find -lICE
collect2: ld returned 1 exit status
configure:6646: $? = 1
configure: failed program was:
| /* confdefs.h */
| #define PACKAGE_NAME ""
| #define PACKAGE_TARNAME ""
| #define PACKAGE_VERSION ""
| #define PACKAGE_STRING ""
| #define PACKAGE_BUGREPORT ""
| #define PACKAGE_URL ""
| #define STDC_HEADERS 1
| #define HAVE_SYS_TYPES_H 1
| #define HAVE_SYS_STAT_H 1
| #define HAVE_STDLIB_H 1
| #define HAVE_STRING_H 1
| #define HAVE_MEMORY_H 1
| #define HAVE_STRINGS_H 1
| #define HAVE_INTTYPES_H 1
| #define HAVE_STDINT_H 1
| #define HAVE_UNISTD_H 1
| #define SIZEOF_SHORT 2
| #define SIZEOF_INT 4
| #define SIZEOF_LONG 4
| #define U16 unsigned short
| #define U32 unsigned
| #define HAVE_DIRENT_H 1
| #define HAVE_SYS_SELECT_H 1
| #define HAVE_SCANDIR 1
| #define HAVE_VSNPRINTF 1
| #define HAVE_SNPRINTF 1
| #define HAVE_STRINGS_H 1
| #define HAVE_STRCASECMP 1
| #define HAVE_LOCALE_H 1
| #define HAVE_LOCALECONV 1
| #define _FILE_OFFSET_BITS 64
| #define HAVE_LONG_LONG 1
| #define HAVE_STRTOLL 1
| #define HAVE_DLSYM 1
| #define HAVE_DLFCN_H 1
| #define HAVE_LIBJPEG 1
| #define HAVE_LIBZ 1
| #define HAVE_LIBPNG 1
| #define HAVE_PNG_H 1
| #define HAVE_PTHREAD_H 1
| #define HAVE_PTHREAD 1
| #define HAVE_PTHREAD 1
| /* end confdefs.h.  */
| 
| /* Override any GCC internal prototype to avoid an error.
|    Use char because int might match the return type of a GCC
|    builtin and then its argument prototype would still apply.  */
| #ifdef __cplusplus
| extern "C"
| #endif
| char IceConnectionNumber ();
| int
| main ()
| {
| return IceConnectionNumber ();
|   ;
|   return 0;
| }
configure:6655: result: no
configure:6688: checking for library containing dlopen
configure:6719: gcc -o conftest      conftest.c -lpthread -ldl -lm  -lXext -lX11  >&5
configure:6719: $? = 0
configure:6736: result: none required
configure:6744: checking GL/gl.h usability
configure:6744: gcc -c    conftest.c >&5
configure:6744: $? = 0
configure:6744: result: yes
configure:6744: checking GL/gl.h presence
configure:6744: gcc -E  conftest.c
configure:6744: $? = 0
configure:6744: result: yes
configure:6744: checking for GL/gl.h
configure:6744: result: yes
configure:6746: checking for glXMakeCurrent in -lGL
configure:6771: gcc -o conftest      conftest.c -lGL -lm -lpthread -ldl -lm  -lXext -lX11  >&5
configure:6771: $? = 0
configure:6780: result: yes
configure:6829: checking for glXGetProcAddressARB in -lGL
configure:6854: gcc -o conftest      conftest.c -lGL -lm -lpthread -ldl -lm  -lXext -lX11  >&5
configure:6854: $? = 0
configure:6863: result: yes
configure:6874: checking GL/glu.h usability
configure:6874: gcc -c    conftest.c >&5
configure:6874: $? = 0
configure:6874: result: yes
configure:6874: checking GL/glu.h presence
configure:6874: gcc -E  conftest.c
configure:6874: $? = 0
configure:6874: result: yes
configure:6874: checking for GL/glu.h
configure:6874: result: yes
configure:7074: checking for xprop
configure:7092: found /usr/bin/xprop
configure:7104: result: /usr/bin/xprop
configure:7112: checking for X overlay visuals
configure:7127: result: no
configure:7252: checking if GCC supports -fno-exceptions
configure:7267: gcc -c   -fno-exceptions  conftest.c >&5
configure:7267: $? = 0
configure:7269: result: yes
configure:7279: checking if GCC supports -fno-strict-aliasing
configure:7294: gcc -c   -fno-strict-aliasing  conftest.c >&5
configure:7294: $? = 0
configure:7296: result: yes
configure:7643: creating ./config.status

## ---------------- ##
## Cache variables. ##
## ---------------- ##

ac_cv_c_bigendian=no
ac_cv_c_compiler_gnu=yes
ac_cv_c_long_long=yes
ac_cv_cxx_bool=yes
ac_cv_cxx_compiler_gnu=yes
ac_cv_env_CCC_set=
ac_cv_env_CCC_value=
ac_cv_env_CC_set=
ac_cv_env_CC_value=
ac_cv_env_CFLAGS_set=
ac_cv_env_CFLAGS_value=
ac_cv_env_CPPFLAGS_set=
ac_cv_env_CPPFLAGS_value=
ac_cv_env_CPP_set=
ac_cv_env_CPP_value=
ac_cv_env_CXXFLAGS_set=
ac_cv_env_CXXFLAGS_value=
ac_cv_env_CXX_set=
ac_cv_env_CXX_value=
ac_cv_env_LDFLAGS_set=
ac_cv_env_LDFLAGS_value=
ac_cv_env_LIBS_set=
ac_cv_env_LIBS_value=
ac_cv_env_XMKMF_set=
ac_cv_env_XMKMF_value=
ac_cv_env_build_alias_set=
ac_cv_env_build_alias_value=
ac_cv_env_host_alias_set=
ac_cv_env_host_alias_value=
ac_cv_env_target_alias_set=
ac_cv_env_target_alias_value=
ac_cv_func_connect=yes
ac_cv_func_gethostbyname=yes
ac_cv_func_localeconv=yes
ac_cv_func_remove=yes
ac_cv_func_scandir=yes
ac_cv_func_shmat=yes
ac_cv_func_snprintf=yes
ac_cv_func_strcasecmp=yes
ac_cv_func_strlcat=no
ac_cv_func_strlcpy=no
ac_cv_func_strtoll=yes
ac_cv_func_vsnprintf=yes
ac_cv_have_overlay=no
ac_cv_have_x='have_x=yes	ac_x_includes='\'''\''	ac_x_libraries='\'''\'''
ac_cv_header_GL_gl_h=yes
ac_cv_header_GL_glu_h=yes
ac_cv_header_alsa_asoundlib_h=no
ac_cv_header_dirent_dirent_h=yes
ac_cv_header_dlfcn_h=yes
ac_cv_header_inttypes_h=yes
ac_cv_header_locale_h=yes
ac_cv_header_memory_h=yes
ac_cv_header_pthread_h=yes
ac_cv_header_stdc=yes
ac_cv_header_stdint_h=yes
ac_cv_header_stdlib_h=yes
ac_cv_header_string_h=yes
ac_cv_header_strings_h=yes
ac_cv_header_sys_select_h=yes
ac_cv_header_sys_stat_h=yes
ac_cv_header_sys_stdtypes_h=no
ac_cv_header_sys_types_h=yes
ac_cv_header_unistd_h=yes
ac_cv_lib_GL_glXGetProcAddressARB=yes
ac_cv_lib_GL_glXMakeCurrent=yes
ac_cv_lib_ICE_IceConnectionNumber=no
ac_cv_lib_jpeg_jpeg_CreateCompress=no
ac_cv_lib_png_png_set_tRNS_to_alpha=no
ac_cv_lib_z_gzgets=no
ac_cv_objext=o
ac_cv_path_AR=/usr/bin/ar
ac_cv_path_EGREP='/bin/grep -E'
ac_cv_path_GREP=/bin/grep
ac_cv_path_NROFF=/usr/bin/nroff
ac_cv_path_XPROP=/usr/bin/xprop
ac_cv_path_install='/usr/bin/install -c'
ac_cv_prog_CPP='gcc -E'
ac_cv_prog_ac_ct_CC=gcc
ac_cv_prog_ac_ct_CXX=g++
ac_cv_prog_ac_ct_RANLIB=ranlib
ac_cv_prog_cc_c89=
ac_cv_prog_cc_g=yes
ac_cv_prog_cxx_g=yes
ac_cv_search_dlopen='none required'
ac_cv_search_dlsym=-ldl
ac_cv_search_opendir='none required'
ac_cv_search_pow=-lm
ac_cv_sizeof_int=4
ac_cv_sizeof_long=4
ac_cv_sizeof_short=2
ac_cv_sys_file_offset_bits=64
ac_cv_sys_largefile_CC=no

## ----------------- ##
## Output variables. ##
## ----------------- ##

AR='/usr/bin/ar'
ARCHFLAGS=''
AUDIOLIBS=''
CAT1EXT='1'
CAT3EXT='3'
CAT6EXT='6'
CC='gcc'
CFLAGS=' '
CPP='gcc -E'
CPPFLAGS=''
CXX='g++'
CXXFLAGS=' '
DEFS='-DHAVE_CONFIG_H'
DSOCOMMAND='echo'
DSOFLAGS=' '
DSOLINK=''
DSONAME=''
ECHO_C=''
ECHO_N='-n'
ECHO_T=''
EGREP='/bin/grep -E'
EXEEXT=''
FLDSONAME=''
FLLIBNAME='../lib/libfltk_forms.a'
FLUID='fluid'
FL_API_VERSION='1.1'
FL_MAJOR_VERSION='1'
FL_MINOR_VERSION='1'
FL_PATCH_VERSION='8'
FTCONFIG=''
GLDEMOS='gldemos'
GLDSONAME=''
GLLIB='-lGLU -lGL'
GLLIBNAME='../lib/libfltk_gl.a'
GREP='/bin/grep'
GROFF=''
HLINKS=''
HTMLDOC=''
IMAGELIBS='-lfltk_png -lfltk_z -lfltk_jpeg '
IMGDSONAME=''
IMGLIBNAME='../lib/libfltk_images.a'
INSTALL_DATA='${INSTALL} -m 644'
INSTALL_DESKTOP='install-linux'
INSTALL_PROGRAM='${INSTALL}'
INSTALL_SCRIPT='${INSTALL}'
JPEG='jpeg'
JPEGINC='-I../jpeg'
LARGEFILE=''
LDFLAGS=' '
LIBCOMMAND='/usr/bin/ar cr'
LIBEXT='.a'
LIBNAME='../lib/libfltk.a'
LIBOBJS=''
LIBS='-lpthread -ldl -lm  -lXext -lX11 '
LINKFLTK='../lib/libfltk.a'
LINKFLTKFORMS='../lib/libfltk_forms.a'
LINKFLTKGL='../lib/libfltk_gl.a'
LINKFLTKIMG='../lib/libfltk_images.a'
LINKSHARED='../lib/libfltk_images.a ../lib/libfltk_forms.a ../lib/libfltk.a'
LTLIBOBJS=''
MAKEDEPEND='$(CXX) -M'
NROFF='/usr/bin/nroff'
OBJEXT='o'
OPTIM=' -Os -Wall -Wunused -Wno-format-y2k  -fno-exceptions -fno-strict-aliasing'
PACKAGE_BUGREPORT=''
PACKAGE_NAME=''
PACKAGE_STRING=''
PACKAGE_TARNAME=''
PACKAGE_URL=''
PACKAGE_VERSION=''
PATH_SEPARATOR=':'
PNG='png'
PNGINC='-I../png'
POSTBUILD=':'
PTHREAD_FLAGS='-D_THREAD_SAFE -D_REENTRANT'
RANLIB='ranlib'
SHAREDSUFFIX=''
SHELL='/bin/bash'
THREADS='threads'
UNINSTALL_DESKTOP='uninstall-linux'
XMKMF=''
XPROP='/usr/bin/xprop'
X_CFLAGS=''
X_EXTRA_LIBS=''
X_LIBS=''
X_PRE_LIBS=''
ZLIB='zlib'
ZLIBINC='-I../zlib'
ac_ct_CC='gcc'
ac_ct_CXX='g++'
bindir='${exec_prefix}/bin'
build_alias=''
datadir='${datarootdir}'
datarootdir='${prefix}/share'
docdir='${datarootdir}/doc/${PACKAGE}'
dvidir='${docdir}'
exec_prefix='${prefix}'
host_alias=''
htmldir='${docdir}'
includedir='${prefix}/include'
infodir='${datarootdir}/info'
libdir='${exec_prefix}/lib'
libexecdir='${exec_prefix}/libexec'
localedir='${datarootdir}/locale'
localstatedir='${prefix}/var'
mandir='${datarootdir}/man'
oldincludedir='/usr/include'
pdfdir='${docdir}'
prefix='/usr/local'
program_transform_name='s,x,x,'
psdir='${docdir}'
sbindir='${exec_prefix}/sbin'
sharedstatedir='${prefix}/com'
sysconfdir='${prefix}/etc'
target_alias=''

## ----------- ##
## confdefs.h. ##
## ----------- ##

/* confdefs.h */
#define PACKAGE_NAME ""
#define PACKAGE_TARNAME ""
#define PACKAGE_VERSION ""
#define PACKAGE_STRING ""
#define PACKAGE_BUGREPORT ""
#define PACKAGE_URL ""
#define STDC_HEADERS 1
#define HAVE_SYS_TYPES_H 1
#define HAVE_SYS_STAT_H 1
#define HAVE_STDLIB_H 1
#define HAVE_STRING_H 1
#define HAVE_MEMORY_H 1
#define HAVE_STRINGS_H 1
#define HAVE_INTTYPES_H 1
#define HAVE_STDINT_H 1
#define HAVE_UNISTD_H 1
#define SIZEOF_SHORT 2
#define SIZEOF_INT 4
#define SIZEOF_LONG 4
#define U16 unsigned short
#define U32 unsigned
#define HAVE_DIRENT_H 1
#define HAVE_SYS_SELECT_H 1
#define HAVE_SCANDIR 1
#define HAVE_VSNPRINTF 1
#define HAVE_SNPRINTF 1
#define HAVE_STRINGS_H 1
#define HAVE_STRCASECMP 1
#define HAVE_LOCALE_H 1
#define HAVE_LOCALECONV 1
#define _FILE_OFFSET_BITS 64
#define HAVE_LONG_LONG 1
#define HAVE_STRTOLL 1
#define HAVE_DLSYM 1
#define HAVE_DLFCN_H 1
#define HAVE_LIBJPEG 1
#define HAVE_LIBZ 1
#define HAVE_LIBPNG 1
#define HAVE_PNG_H 1
#define HAVE_PTHREAD_H 1
#define HAVE_PTHREAD 1
#define HAVE_PTHREAD 1
#define HAVE_GL 1
#define HAVE_GLXGETPROCADDRESSARB 1
#define HAVE_GL_GLU_H 1
#define FLTK_DOCDIR "/usr/local/share/doc/fltk"
#define FLTK_DATADIR "/usr/local/share/fltk"

configure: exit 0

## ---------------------- ##
## Running config.status. ##
## ---------------------- ##

This file was extended by config.status, which was
generated by GNU Autoconf 2.67.  Invocation command line was

  CONFIG_FILES    = 
  CONFIG_HEADERS  = 
  CONFIG_LINKS    = 
  CONFIG_COMMANDS = 
  $ ./config.status 

on vijay-Lenovo-IdeaPad-Y510

config.status:907: creating makeinclude
config.status:907: creating fltk.list
config.status:907: creating fltk-config
config.status:907: creating fltk.spec
config.status:907: creating FL/Makefile
config.status:907: creating config.h
config.status:1081: config.h is unchanged
