This file contains any messages produced by compilers while
running configure, to aid debugging if configure makes a mistake.

It was created by sqlite configure 3.5.9, which was
generated by GNU Autoconf 2.67.  Invocation command line was

  $ ./configure --disable-option-checking --prefix=/usr/local --enable-threads --enable-localjpeg --enable-localpng --enable-localzlib --cache-file=/dev/null --srcdir=. --no-create --no-recursion

## --------- ##
## Platform. ##
## --------- ##

hostname = vijay-Lenovo-IdeaPad-Y510
uname -m = i686
uname -r = 2.6.38-8-generic
uname -s = Linux
uname -v = #42-Ubuntu SMP Mon Apr 11 03:31:50 UTC 2011

/usr/bin/uname -p = unknown
/bin/uname -X     = unknown

/bin/arch              = unknown
/usr/bin/arch -k       = unknown
/usr/convex/getsysinfo = unknown
/usr/bin/hostinfo      = unknown
/bin/machine           = unknown
/usr/bin/oslevel       = unknown
/bin/universe          = unknown

PATH: /usr/local/sbin
PATH: /usr/local/bin
PATH: /usr/sbin
PATH: /usr/bin
PATH: /sbin
PATH: /bin
PATH: /usr/games


## ----------- ##
## Core tests. ##
## ----------- ##

configure:2580: checking for a BSD-compatible install
configure:2648: result: /usr/bin/install -c
configure:2659: checking whether build environment is sane
configure:2696: result: yes
configure:2758: checking for gawk
configure:2788: result: no
configure:2758: checking for mawk
configure:2774: found /usr/bin/mawk
configure:2785: result: mawk
configure:2796: checking whether make sets $(MAKE)
configure:2818: result: yes
configure:3009: checking for style of include used by make
configure:3037: result: GNU
configure:3110: checking for gcc
configure:3126: found /usr/bin/gcc
configure:3137: result: gcc
configure:3366: checking for C compiler version
configure:3375: gcc --version >&5
gcc (Ubuntu/Linaro 4.5.2-8ubuntu4) 4.5.2
Copyright (C) 2010 Free Software Foundation, Inc.
This is free software; see the source for copying conditions.  There is NO
warranty; not even for MERCHANTABILITY or FITNESS FOR A PARTICULAR PURPOSE.

configure:3386: $? = 0
configure:3375: gcc -v >&5
Using built-in specs.
COLLECT_GCC=gcc
COLLECT_LTO_WRAPPER=/usr/lib/i386-linux-gnu/gcc/i686-linux-gnu/4.5.2/lto-wrapper
Target: i686-linux-gnu
Configured with: ../src/configure -v --with-pkgversion='Ubuntu/Linaro 4.5.2-8ubuntu4' --with-bugurl=file:///usr/share/doc/gcc-4.5/README.Bugs --enable-languages=c,c++,fortran,objc,obj-c++ --prefix=/usr --program-suffix=-4.5 --enable-shared --enable-multiarch --with-multiarch-defaults=i386-linux-gnu --enable-linker-build-id --with-system-zlib --libexecdir=/usr/lib/i386-linux-gnu --without-included-gettext --enable-threads=posix --with-gxx-include-dir=/usr/include/c++/4.5 --libdir=/usr/lib/i386-linux-gnu --enable-nls --with-sysroot=/ --enable-clocale=gnu --enable-libstdcxx-debug --enable-libstdcxx-time=yes --enable-plugin --enable-gold --enable-ld=default --with-plugin-ld=ld.gold --enable-objc-gc --enable-targets=all --disable-werror --with-arch-32=i686 --with-tune=generic --enable-checking=release --build=i686-linux-gnu --host=i686-linux-gnu --target=i686-linux-gnu
Thread model: posix
gcc version 4.5.2 (Ubuntu/Linaro 4.5.2-8ubuntu4) 
configure:3386: $? = 0
configure:3375: gcc -V >&5
gcc: '-V' option must have argument
configure:3386: $? = 1
configure:3375: gcc -qversion >&5
gcc: unrecognized option '-qversion'
gcc: no input files
configure:3386: $? = 1
configure:3406: checking whether the C compiler works
configure:3428: gcc    conftest.c  >&5
configure:3432: $? = 0
configure:3480: result: yes
configure:3483: checking for C compiler default output file name
configure:3485: result: a.out
configure:3491: checking for suffix of executables
configure:3498: gcc -o conftest    conftest.c  >&5
configure:3502: $? = 0
configure:3524: result: 
configure:3546: checking whether we are cross compiling
configure:3554: gcc -o conftest    conftest.c  >&5
configure:3558: $? = 0
configure:3565: ./conftest
configure:3569: $? = 0
configure:3584: result: no
configure:3589: checking for suffix of object files
configure:3611: gcc -c   conftest.c >&5
configure:3615: $? = 0
configure:3636: result: o
configure:3640: checking whether we are using the GNU C compiler
configure:3659: gcc -c   conftest.c >&5
configure:3659: $? = 0
configure:3668: result: yes
configure:3677: checking whether gcc accepts -g
configure:3697: gcc -c -g  conftest.c >&5
configure:3697: $? = 0
configure:3738: result: yes
configure:3755: checking for gcc option to accept ISO C89
configure:3819: gcc  -c -g -O2  conftest.c >&5
configure:3819: $? = 0
configure:3832: result: none needed
configure:3854: checking dependency style of gcc
configure:3944: result: gcc3
configure:3969: checking for special C compiler options needed for large files
configure:4014: result: no
configure:4020: checking for _FILE_OFFSET_BITS value needed for large files
configure:4045: gcc -c -g -O2  conftest.c >&5
conftest.c:17:3: warning: left shift count >= width of type
conftest.c:17:3: warning: left shift count >= width of type
conftest.c:18:10: warning: left shift count >= width of type
conftest.c:18:10: warning: left shift count >= width of type
conftest.c:17:7: error: size of array 'off_t_is_large' is negative
conftest.c:19:9: warning: variably modified 'off_t_is_large' at file scope
configure:4045: $? = 1
configure: failed program was:
| /* confdefs.h */
| #define PACKAGE_NAME "sqlite"
| #define PACKAGE_TARNAME "sqlite"
| #define PACKAGE_VERSION "3.5.9"
| #define PACKAGE_STRING "sqlite 3.5.9"
| #define PACKAGE_BUGREPORT "http://www.sqlite.org"
| #define PACKAGE_URL ""
| #define PACKAGE "sqlite"
| #define VERSION "3.5.9"
| /* end confdefs.h.  */
| #include <sys/types.h>
|  /* Check that off_t can represent 2**63 - 1 correctly.
|     We can't simply define LARGE_OFF_T to be 9223372036854775807,
|     since some C++ compilers masquerading as C compilers
|     incorrectly reject 9223372036854775807.  */
| #define LARGE_OFF_T (((off_t) 1 << 62) - 1 + ((off_t) 1 << 62))
|   int off_t_is_large[(LARGE_OFF_T % 2147483629 == 721
| 		       && LARGE_OFF_T % 2147483647 == 1)
| 		      ? 1 : -1];
| int
| main ()
| {
| 
|   ;
|   return 0;
| }
configure:4069: gcc -c -g -O2  conftest.c >&5
configure:4069: $? = 0
configure:4077: result: 64
configure:4210: checking for gcc
configure:4237: result: gcc
configure:4466: checking for C compiler version
configure:4475: gcc --version >&5
gcc (Ubuntu/Linaro 4.5.2-8ubuntu4) 4.5.2
Copyright (C) 2010 Free Software Foundation, Inc.
This is free software; see the source for copying conditions.  There is NO
warranty; not even for MERCHANTABILITY or FITNESS FOR A PARTICULAR PURPOSE.

configure:4486: $? = 0
configure:4475: gcc -v >&5
Using built-in specs.
COLLECT_GCC=gcc
COLLECT_LTO_WRAPPER=/usr/lib/i386-linux-gnu/gcc/i686-linux-gnu/4.5.2/lto-wrapper
Target: i686-linux-gnu
Configured with: ../src/configure -v --with-pkgversion='Ubuntu/Linaro 4.5.2-8ubuntu4' --with-bugurl=file:///usr/share/doc/gcc-4.5/README.Bugs --enable-languages=c,c++,fortran,objc,obj-c++ --prefix=/usr --program-suffix=-4.5 --enable-shared --enable-multiarch --with-multiarch-defaults=i386-linux-gnu --enable-linker-build-id --with-system-zlib --libexecdir=/usr/lib/i386-linux-gnu --without-included-gettext --enable-threads=posix --with-gxx-include-dir=/usr/include/c++/4.5 --libdir=/usr/lib/i386-linux-gnu --enable-nls --with-sysroot=/ --enable-clocale=gnu --enable-libstdcxx-debug --enable-libstdcxx-time=yes --enable-plugin --enable-gold --enable-ld=default --with-plugin-ld=ld.gold --enable-objc-gc --enable-targets=all --disable-werror --with-arch-32=i686 --with-tune=generic --enable-checking=release --build=i686-linux-gnu --host=i686-linux-gnu --target=i686-linux-gnu
Thread model: posix
gcc version 4.5.2 (Ubuntu/Linaro 4.5.2-8ubuntu4) 
configure:4486: $? = 0
configure:4475: gcc -V >&5
gcc: '-V' option must have argument
configure:4486: $? = 1
configure:4475: gcc -qversion >&5
gcc: unrecognized option '-qversion'
gcc: no input files
configure:4486: $? = 1
configure:4490: checking whether we are using the GNU C compiler
configure:4518: result: yes
configure:4527: checking whether gcc accepts -g
configure:4588: result: yes
configure:4605: checking for gcc option to accept ISO C89
configure:4682: result: none needed
configure:4704: checking dependency style of gcc
configure:4794: result: gcc3
configure:4854: checking for ranlib
configure:4870: found /usr/bin/ranlib
configure:4881: result: ranlib
configure:4979: checking build system type
configure:4993: result: i686-pc-linux-gnu
configure:5013: checking host system type
configure:5026: result: i686-pc-linux-gnu
configure:5046: checking for a sed that does not truncate output
configure:5102: result: /bin/sed
configure:5105: checking for grep that handles long lines and -e
configure:5163: result: /bin/grep
configure:5168: checking for egrep
configure:5230: result: /bin/grep -E
configure:5246: checking for ld used by gcc
configure:5313: result: /usr/bin/ld
configure:5320: checking if the linker (/usr/bin/ld) is GNU ld
configure:5335: result: yes
configure:5340: checking for /usr/bin/ld option to reload object files
configure:5347: result: -r
configure:5365: checking for BSD-compatible nm
configure:5414: result: /usr/bin/nm -B
configure:5418: checking whether ln -s works
configure:5422: result: yes
configure:5429: checking how to recognize dependent libraries
configure:5615: result: pass_all
configure:5830: checking how to run the C preprocessor
configure:5861: gcc -E  conftest.c
configure:5861: $? = 0
configure:5875: gcc -E  conftest.c
conftest.c:12:28: fatal error: ac_nonexistent.h: No such file or directory
compilation terminated.
configure:5875: $? = 1
configure: failed program was:
| /* confdefs.h */
| #define PACKAGE_NAME "sqlite"
| #define PACKAGE_TARNAME "sqlite"
| #define PACKAGE_VERSION "3.5.9"
| #define PACKAGE_STRING "sqlite 3.5.9"
| #define PACKAGE_BUGREPORT "http://www.sqlite.org"
| #define PACKAGE_URL ""
| #define PACKAGE "sqlite"
| #define VERSION "3.5.9"
| #define _FILE_OFFSET_BITS 64
| /* end confdefs.h.  */
| #include <ac_nonexistent.h>
configure:5900: result: gcc -E
configure:5920: gcc -E  conftest.c
configure:5920: $? = 0
configure:5934: gcc -E  conftest.c
conftest.c:12:28: fatal error: ac_nonexistent.h: No such file or directory
compilation terminated.
configure:5934: $? = 1
configure: failed program was:
| /* confdefs.h */
| #define PACKAGE_NAME "sqlite"
| #define PACKAGE_TARNAME "sqlite"
| #define PACKAGE_VERSION "3.5.9"
| #define PACKAGE_STRING "sqlite 3.5.9"
| #define PACKAGE_BUGREPORT "http://www.sqlite.org"
| #define PACKAGE_URL ""
| #define PACKAGE "sqlite"
| #define VERSION "3.5.9"
| #define _FILE_OFFSET_BITS 64
| /* end confdefs.h.  */
| #include <ac_nonexistent.h>
configure:5963: checking for ANSI C header files
configure:5983: gcc -c -g -O2  conftest.c >&5
configure:5983: $? = 0
configure:6056: gcc -o conftest -g -O2   conftest.c  >&5
configure:6056: $? = 0
configure:6056: ./conftest
configure:6056: $? = 0
configure:6067: result: yes
configure:6080: checking for sys/types.h
configure:6080: gcc -c -g -O2  conftest.c >&5
configure:6080: $? = 0
configure:6080: result: yes
configure:6080: checking for sys/stat.h
configure:6080: gcc -c -g -O2  conftest.c >&5
configure:6080: $? = 0
configure:6080: result: yes
configure:6080: checking for stdlib.h
configure:6080: gcc -c -g -O2  conftest.c >&5
configure:6080: $? = 0
configure:6080: result: yes
configure:6080: checking for string.h
configure:6080: gcc -c -g -O2  conftest.c >&5
configure:6080: $? = 0
configure:6080: result: yes
configure:6080: checking for memory.h
configure:6080: gcc -c -g -O2  conftest.c >&5
configure:6080: $? = 0
configure:6080: result: yes
configure:6080: checking for strings.h
configure:6080: gcc -c -g -O2  conftest.c >&5
configure:6080: $? = 0
configure:6080: result: yes
configure:6080: checking for inttypes.h
configure:6080: gcc -c -g -O2  conftest.c >&5
configure:6080: $? = 0
configure:6080: result: yes
configure:6080: checking for stdint.h
configure:6080: gcc -c -g -O2  conftest.c >&5
configure:6080: $? = 0
configure:6080: result: yes
configure:6080: checking for unistd.h
configure:6080: gcc -c -g -O2  conftest.c >&5
configure:6080: $? = 0
configure:6080: result: yes
configure:6094: checking dlfcn.h usability
configure:6094: gcc -c -g -O2  conftest.c >&5
configure:6094: $? = 0
configure:6094: result: yes
configure:6094: checking dlfcn.h presence
configure:6094: gcc -E  conftest.c
configure:6094: $? = 0
configure:6094: result: yes
configure:6094: checking for dlfcn.h
configure:6094: result: yes
configure:6162: checking for g++
configure:6178: found /usr/bin/g++
configure:6189: result: g++
configure:6216: checking for C++ compiler version
configure:6225: g++ --version >&5
g++ (Ubuntu/Linaro 4.5.2-8ubuntu4) 4.5.2
Copyright (C) 2010 Free Software Foundation, Inc.
This is free software; see the source for copying conditions.  There is NO
warranty; not even for MERCHANTABILITY or FITNESS FOR A PARTICULAR PURPOSE.

configure:6236: $? = 0
configure:6225: g++ -v >&5
Using built-in specs.
COLLECT_GCC=g++
COLLECT_LTO_WRAPPER=/usr/lib/i386-linux-gnu/gcc/i686-linux-gnu/4.5.2/lto-wrapper
Target: i686-linux-gnu
Configured with: ../src/configure -v --with-pkgversion='Ubuntu/Linaro 4.5.2-8ubuntu4' --with-bugurl=file:///usr/share/doc/gcc-4.5/README.Bugs --enable-languages=c,c++,fortran,objc,obj-c++ --prefix=/usr --program-suffix=-4.5 --enable-shared --enable-multiarch --with-multiarch-defaults=i386-linux-gnu --enable-linker-build-id --with-system-zlib --libexecdir=/usr/lib/i386-linux-gnu --without-included-gettext --enable-threads=posix --with-gxx-include-dir=/usr/include/c++/4.5 --libdir=/usr/lib/i386-linux-gnu --enable-nls --with-sysroot=/ --enable-clocale=gnu --enable-libstdcxx-debug --enable-libstdcxx-time=yes --enable-plugin --enable-gold --enable-ld=default --with-plugin-ld=ld.gold --enable-objc-gc --enable-targets=all --disable-werror --with-arch-32=i686 --with-tune=generic --enable-checking=release --build=i686-linux-gnu --host=i686-linux-gnu --target=i686-linux-gnu
Thread model: posix
gcc version 4.5.2 (Ubuntu/Linaro 4.5.2-8ubuntu4) 
configure:6236: $? = 0
configure:6225: g++ -V >&5
g++: '-V' option must have argument
configure:6236: $? = 1
configure:6225: g++ -qversion >&5
g++: unrecognized option '-qversion'
g++: no input files
configure:6236: $? = 1
configure:6240: checking whether we are using the GNU C++ compiler
configure:6259: g++ -c   conftest.cpp >&5
configure:6259: $? = 0
configure:6268: result: yes
configure:6277: checking whether g++ accepts -g
configure:6297: g++ -c -g  conftest.cpp >&5
configure:6297: $? = 0
configure:6338: result: yes
configure:6363: checking dependency style of g++
configure:6453: result: gcc3
configure:6480: checking how to run the C++ preprocessor
configure:6507: g++ -E  conftest.cpp
configure:6507: $? = 0
configure:6521: g++ -E  conftest.cpp
conftest.cpp:23:28: fatal error: ac_nonexistent.h: No such file or directory
compilation terminated.
configure:6521: $? = 1
configure: failed program was:
| /* confdefs.h */
| #define PACKAGE_NAME "sqlite"
| #define PACKAGE_TARNAME "sqlite"
| #define PACKAGE_VERSION "3.5.9"
| #define PACKAGE_STRING "sqlite 3.5.9"
| #define PACKAGE_BUGREPORT "http://www.sqlite.org"
| #define PACKAGE_URL ""
| #define PACKAGE "sqlite"
| #define VERSION "3.5.9"
| #define _FILE_OFFSET_BITS 64
| #define STDC_HEADERS 1
| #define HAVE_SYS_TYPES_H 1
| #define HAVE_SYS_STAT_H 1
| #define HAVE_STDLIB_H 1
| #define HAVE_STRING_H 1
| #define HAVE_MEMORY_H 1
| #define HAVE_STRINGS_H 1
| #define HAVE_INTTYPES_H 1
| #define HAVE_STDINT_H 1
| #define HAVE_UNISTD_H 1
| #define HAVE_DLFCN_H 1
| /* end confdefs.h.  */
| #include <ac_nonexistent.h>
configure:6546: result: g++ -E
configure:6566: g++ -E  conftest.cpp
configure:6566: $? = 0
configure:6580: g++ -E  conftest.cpp
conftest.cpp:23:28: fatal error: ac_nonexistent.h: No such file or directory
compilation terminated.
configure:6580: $? = 1
configure: failed program was:
| /* confdefs.h */
| #define PACKAGE_NAME "sqlite"
| #define PACKAGE_TARNAME "sqlite"
| #define PACKAGE_VERSION "3.5.9"
| #define PACKAGE_STRING "sqlite 3.5.9"
| #define PACKAGE_BUGREPORT "http://www.sqlite.org"
| #define PACKAGE_URL ""
| #define PACKAGE "sqlite"
| #define VERSION "3.5.9"
| #define _FILE_OFFSET_BITS 64
| #define STDC_HEADERS 1
| #define HAVE_SYS_TYPES_H 1
| #define HAVE_SYS_STAT_H 1
| #define HAVE_STDLIB_H 1
| #define HAVE_STRING_H 1
| #define HAVE_MEMORY_H 1
| #define HAVE_STRINGS_H 1
| #define HAVE_INTTYPES_H 1
| #define HAVE_STDINT_H 1
| #define HAVE_UNISTD_H 1
| #define HAVE_DLFCN_H 1
| /* end confdefs.h.  */
| #include <ac_nonexistent.h>
configure:6664: checking for g77
configure:6694: result: no
configure:6664: checking for xlf
configure:6694: result: no
configure:6664: checking for f77
configure:6694: result: no
configure:6664: checking for frt
configure:6694: result: no
configure:6664: checking for pgf77
configure:6694: result: no
configure:6664: checking for cf77
configure:6694: result: no
configure:6664: checking for fort77
configure:6694: result: no
configure:6664: checking for fl32
configure:6694: result: no
configure:6664: checking for af77
configure:6694: result: no
configure:6664: checking for xlf90
configure:6694: result: no
configure:6664: checking for f90
configure:6694: result: no
configure:6664: checking for pgf90
configure:6694: result: no
configure:6664: checking for pghpf
configure:6694: result: no
configure:6664: checking for epcf90
configure:6694: result: no
configure:6664: checking for gfortran
configure:6694: result: no
configure:6664: checking for g95
configure:6694: result: no
configure:6664: checking for xlf95
configure:6694: result: no
configure:6664: checking for f95
configure:6694: result: no
configure:6664: checking for fort
configure:6694: result: no
configure:6664: checking for ifort
configure:6694: result: no
configure:6664: checking for ifc
configure:6694: result: no
configure:6664: checking for efc
configure:6694: result: no
configure:6664: checking for pgfortran
configure:6694: result: no
configure:6664: checking for pgf95
configure:6694: result: no
configure:6664: checking for lf95
configure:6694: result: no
configure:6664: checking for ftn
configure:6694: result: no
configure:6717: checking for Fortran 77 compiler version
configure:6726:  --version >&5
./configure: line 6728: --version: command not found
configure:6737: $? = 127
configure:6726:  -v >&5
./configure: line 6728: -v: command not found
configure:6737: $? = 127
configure:6726:  -V >&5
./configure: line 6728: -V: command not found
configure:6737: $? = 127
configure:6726:  -qversion >&5
./configure: line 6728: -qversion: command not found
configure:6737: $? = 127
configure:6746: checking whether we are using the GNU Fortran 77 compiler
configure:6759:  -c  conftest.F >&5
./configure: line 2112: -c: command not found
configure:6759: $? = 127
configure: failed program was:
|       program main
| #ifndef __GNUC__
|        choke me
| #endif
| 
|       end
configure:6768: result: no
configure:6774: checking whether  accepts -g
configure:6785:  -c -g conftest.f >&5
./configure: line 2112: -c: command not found
configure:6785: $? = 127
configure: failed program was:
|       program main
| 
|       end
configure:6793: result: no
configure:6827: checking the maximum length of command line arguments
configure:6939: result: 805306365
configure:6951: checking command to parse /usr/bin/nm -B output from gcc object
configure:7056: gcc -c -g -O2  conftest.c >&5
configure:7059: $? = 0
configure:7063: /usr/bin/nm -B conftest.o \| sed -n -e 's/^.*[ 	]\([ABCDGIRSTW][ABCDGIRSTW]*\)[ 	][ 	]*\([_A-Za-z][_A-Za-z0-9]*\)$/\1 \2 \2/p' \> conftest.nm
configure:7066: $? = 0
configure:7118: gcc -o conftest -g -O2   conftest.c conftstm.o >&5
configure:7121: $? = 0
configure:7159: result: ok
configure:7163: checking for objdir
configure:7178: result: .libs
configure:7270: checking for ar
configure:7286: found /usr/bin/ar
configure:7297: result: ar
configure:7362: checking for ranlib
configure:7389: result: ranlib
configure:7454: checking for strip
configure:7470: found /usr/bin/strip
configure:7481: result: strip
configure:7763: checking if gcc supports -fno-rtti -fno-exceptions
configure:7781: gcc -c -g -O2  -fno-rtti -fno-exceptions conftest.c >&5
cc1: warning: command line option "-fno-rtti" is valid for C++/ObjC++ but not for C
configure:7785: $? = 0
configure:7798: result: no
configure:7813: checking for gcc option to produce PIC
configure:8045: result: -fPIC
configure:8053: checking if gcc PIC flag -fPIC works
configure:8071: gcc -c -g -O2  -fPIC -DPIC conftest.c >&5
configure:8075: $? = 0
configure:8088: result: yes
configure:8116: checking if gcc static flag -static works
configure:8144: result: yes
configure:8154: checking if gcc supports -c -o file.o
configure:8175: gcc -c -g -O2  -o out/conftest2.o conftest.c >&5
configure:8179: $? = 0
configure:8201: result: yes
configure:8227: checking whether the gcc linker (/usr/bin/ld) supports shared libraries
configure:9153: result: yes
configure:9174: checking whether -lc should be explicitly linked in
configure:9179: gcc -c -g -O2  conftest.c >&5
configure:9182: $? = 0
configure:9197: gcc -shared conftest.o  -v -Wl,-soname -Wl,conftest -o conftest 2\>\&1 \| grep  -lc  \>/dev/null 2\>\&1
configure:9200: $? = 0
configure:9212: result: no
configure:9220: checking dynamic linker characteristics
configure:9822: result: GNU/Linux ld.so
configure:9831: checking how to hardcode library paths into programs
configure:9856: result: immediate
configure:9870: checking whether stripping libraries is possible
configure:9875: result: yes
configure:10392: checking if libtool supports shared libraries
configure:10394: result: yes
configure:10397: checking whether to build shared libraries
configure:10418: result: yes
configure:10421: checking whether to build static libraries
configure:10425: result: yes
configure:10518: creating libtool
configure:11102: checking for ld used by g++
configure:11169: result: /usr/bin/ld
configure:11176: checking if the linker (/usr/bin/ld) is GNU ld
configure:11191: result: yes
configure:11242: checking whether the g++ linker (/usr/bin/ld) supports shared libraries
configure:12162: result: yes
configure:12180: g++ -c -g -O2  conftest.cpp >&5
configure:12183: $? = 0
configure:12335: checking for g++ option to produce PIC
configure:12619: result: -fPIC
configure:12627: checking if g++ PIC flag -fPIC works
configure:12645: g++ -c -g -O2  -fPIC -DPIC conftest.cpp >&5
configure:12649: $? = 0
configure:12662: result: yes
configure:12690: checking if g++ static flag -static works
configure:12718: result: yes
configure:12728: checking if g++ supports -c -o file.o
configure:12749: g++ -c -g -O2  -o out/conftest2.o conftest.cpp >&5
configure:12753: $? = 0
configure:12775: result: yes
configure:12801: checking whether the g++ linker (/usr/bin/ld) supports shared libraries
configure:12826: result: yes
configure:12893: checking dynamic linker characteristics
configure:13443: result: GNU/Linux ld.so
configure:13452: checking how to hardcode library paths into programs
configure:13477: result: immediate
configure:19549: checking for fdatasync
configure:19549: gcc -o conftest -g -O2   conftest.c  >&5
configure:19549: $? = 0
configure:19549: result: yes
configure:19549: checking for usleep
configure:19549: gcc -o conftest -g -O2   conftest.c  >&5
configure:19549: $? = 0
configure:19549: result: yes
configure:19549: checking for fullfsync
configure:19549: gcc -o conftest -g -O2   conftest.c  >&5
/tmp/ccoBmTYM.o: In function `main':
/home/vijay/Projects/spark-scheme/libs/sqlite/conftest.c:59: undefined reference to `fullfsync'
collect2: ld returned 1 exit status
configure:19549: $? = 1
configure: failed program was:
| /* confdefs.h */
| #define PACKAGE_NAME "sqlite"
| #define PACKAGE_TARNAME "sqlite"
| #define PACKAGE_VERSION "3.5.9"
| #define PACKAGE_STRING "sqlite 3.5.9"
| #define PACKAGE_BUGREPORT "http://www.sqlite.org"
| #define PACKAGE_URL ""
| #define PACKAGE "sqlite"
| #define VERSION "3.5.9"
| #define _FILE_OFFSET_BITS 64
| #define STDC_HEADERS 1
| #define HAVE_SYS_TYPES_H 1
| #define HAVE_SYS_STAT_H 1
| #define HAVE_STDLIB_H 1
| #define HAVE_STRING_H 1
| #define HAVE_MEMORY_H 1
| #define HAVE_STRINGS_H 1
| #define HAVE_INTTYPES_H 1
| #define HAVE_STDINT_H 1
| #define HAVE_UNISTD_H 1
| #define HAVE_DLFCN_H 1
| #define HAVE_FDATASYNC 1
| #define HAVE_USLEEP 1
| /* end confdefs.h.  */
| /* Define fullfsync to an innocuous variant, in case <limits.h> declares fullfsync.
|    For example, HP-UX 11i <limits.h> declares gettimeofday.  */
| #define fullfsync innocuous_fullfsync
| 
| /* System header to define __stub macros and hopefully few prototypes,
|     which can conflict with char fullfsync (); below.
|     Prefer <limits.h> to <assert.h> if __STDC__ is defined, since
|     <limits.h> exists even on freestanding compilers.  */
| 
| #ifdef __STDC__
| # include <limits.h>
| #else
| # include <assert.h>
| #endif
| 
| #undef fullfsync
| 
| /* Override any GCC internal prototype to avoid an error.
|    Use char because int might match the return type of a GCC
|    builtin and then its argument prototype would still apply.  */
| #ifdef __cplusplus
| extern "C"
| #endif
| char fullfsync ();
| /* The GNU C library defines this for functions which it implements
|     to always fail with ENOSYS.  Some functions are actually named
|     something starting with __ and the normal name is an alias.  */
| #if defined __stub_fullfsync || defined __stub___fullfsync
| choke me
| #endif
| 
| int
| main ()
| {
| return fullfsync ();
|   ;
|   return 0;
| }
configure:19549: result: no
configure:19549: checking for localtime_r
configure:19549: gcc -o conftest -g -O2   conftest.c  >&5
configure:19549: $? = 0
configure:19549: result: yes
configure:19549: checking for gmtime_r
configure:19549: gcc -o conftest -g -O2   conftest.c  >&5
configure:19549: $? = 0
configure:19549: result: yes
configure:19575: checking for library containing tgetent
configure:19606: gcc -o conftest -g -O2   conftest.c  >&5
/tmp/ccOcJU2g.o: In function `main':
/home/vijay/Projects/spark-scheme/libs/sqlite/conftest.c:38: undefined reference to `tgetent'
collect2: ld returned 1 exit status
configure:19606: $? = 1
configure: failed program was:
| /* confdefs.h */
| #define PACKAGE_NAME "sqlite"
| #define PACKAGE_TARNAME "sqlite"
| #define PACKAGE_VERSION "3.5.9"
| #define PACKAGE_STRING "sqlite 3.5.9"
| #define PACKAGE_BUGREPORT "http://www.sqlite.org"
| #define PACKAGE_URL ""
| #define PACKAGE "sqlite"
| #define VERSION "3.5.9"
| #define _FILE_OFFSET_BITS 64
| #define STDC_HEADERS 1
| #define HAVE_SYS_TYPES_H 1
| #define HAVE_SYS_STAT_H 1
| #define HAVE_STDLIB_H 1
| #define HAVE_STRING_H 1
| #define HAVE_MEMORY_H 1
| #define HAVE_STRINGS_H 1
| #define HAVE_INTTYPES_H 1
| #define HAVE_STDINT_H 1
| #define HAVE_UNISTD_H 1
| #define HAVE_DLFCN_H 1
| #define HAVE_FDATASYNC 1
| #define HAVE_USLEEP 1
| #define HAVE_LOCALTIME_R 1
| #define HAVE_GMTIME_R 1
| /* end confdefs.h.  */
| 
| /* Override any GCC internal prototype to avoid an error.
|    Use char because int might match the return type of a GCC
|    builtin and then its argument prototype would still apply.  */
| #ifdef __cplusplus
| extern "C"
| #endif
| char tgetent ();
| int
| main ()
| {
| return tgetent ();
|   ;
|   return 0;
| }
configure:19606: gcc -o conftest -g -O2   conftest.c -lcurses   >&5
/usr/bin/ld: cannot find -lcurses
collect2: ld returned 1 exit status
configure:19606: $? = 1
configure: failed program was:
| /* confdefs.h */
| #define PACKAGE_NAME "sqlite"
| #define PACKAGE_TARNAME "sqlite"
| #define PACKAGE_VERSION "3.5.9"
| #define PACKAGE_STRING "sqlite 3.5.9"
| #define PACKAGE_BUGREPORT "http://www.sqlite.org"
| #define PACKAGE_URL ""
| #define PACKAGE "sqlite"
| #define VERSION "3.5.9"
| #define _FILE_OFFSET_BITS 64
| #define STDC_HEADERS 1
| #define HAVE_SYS_TYPES_H 1
| #define HAVE_SYS_STAT_H 1
| #define HAVE_STDLIB_H 1
| #define HAVE_STRING_H 1
| #define HAVE_MEMORY_H 1
| #define HAVE_STRINGS_H 1
| #define HAVE_INTTYPES_H 1
| #define HAVE_STDINT_H 1
| #define HAVE_UNISTD_H 1
| #define HAVE_DLFCN_H 1
| #define HAVE_FDATASYNC 1
| #define HAVE_USLEEP 1
| #define HAVE_LOCALTIME_R 1
| #define HAVE_GMTIME_R 1
| /* end confdefs.h.  */
| 
| /* Override any GCC internal prototype to avoid an error.
|    Use char because int might match the return type of a GCC
|    builtin and then its argument prototype would still apply.  */
| #ifdef __cplusplus
| extern "C"
| #endif
| char tgetent ();
| int
| main ()
| {
| return tgetent ();
|   ;
|   return 0;
| }
configure:19623: result: no
configure:19631: checking for library containing readline
configure:19662: gcc -o conftest -g -O2   conftest.c  >&5
/tmp/cca6Mg9x.o: In function `main':
/home/vijay/Projects/spark-scheme/libs/sqlite/conftest.c:38: undefined reference to `readline'
collect2: ld returned 1 exit status
configure:19662: $? = 1
configure: failed program was:
| /* confdefs.h */
| #define PACKAGE_NAME "sqlite"
| #define PACKAGE_TARNAME "sqlite"
| #define PACKAGE_VERSION "3.5.9"
| #define PACKAGE_STRING "sqlite 3.5.9"
| #define PACKAGE_BUGREPORT "http://www.sqlite.org"
| #define PACKAGE_URL ""
| #define PACKAGE "sqlite"
| #define VERSION "3.5.9"
| #define _FILE_OFFSET_BITS 64
| #define STDC_HEADERS 1
| #define HAVE_SYS_TYPES_H 1
| #define HAVE_SYS_STAT_H 1
| #define HAVE_STDLIB_H 1
| #define HAVE_STRING_H 1
| #define HAVE_MEMORY_H 1
| #define HAVE_STRINGS_H 1
| #define HAVE_INTTYPES_H 1
| #define HAVE_STDINT_H 1
| #define HAVE_UNISTD_H 1
| #define HAVE_DLFCN_H 1
| #define HAVE_FDATASYNC 1
| #define HAVE_USLEEP 1
| #define HAVE_LOCALTIME_R 1
| #define HAVE_GMTIME_R 1
| /* end confdefs.h.  */
| 
| /* Override any GCC internal prototype to avoid an error.
|    Use char because int might match the return type of a GCC
|    builtin and then its argument prototype would still apply.  */
| #ifdef __cplusplus
| extern "C"
| #endif
| char readline ();
| int
| main ()
| {
| return readline ();
|   ;
|   return 0;
| }
configure:19662: gcc -o conftest -g -O2   conftest.c -lreadline   >&5
/usr/bin/ld: cannot find -lreadline
collect2: ld returned 1 exit status
configure:19662: $? = 1
configure: failed program was:
| /* confdefs.h */
| #define PACKAGE_NAME "sqlite"
| #define PACKAGE_TARNAME "sqlite"
| #define PACKAGE_VERSION "3.5.9"
| #define PACKAGE_STRING "sqlite 3.5.9"
| #define PACKAGE_BUGREPORT "http://www.sqlite.org"
| #define PACKAGE_URL ""
| #define PACKAGE "sqlite"
| #define VERSION "3.5.9"
| #define _FILE_OFFSET_BITS 64
| #define STDC_HEADERS 1
| #define HAVE_SYS_TYPES_H 1
| #define HAVE_SYS_STAT_H 1
| #define HAVE_STDLIB_H 1
| #define HAVE_STRING_H 1
| #define HAVE_MEMORY_H 1
| #define HAVE_STRINGS_H 1
| #define HAVE_INTTYPES_H 1
| #define HAVE_STDINT_H 1
| #define HAVE_UNISTD_H 1
| #define HAVE_DLFCN_H 1
| #define HAVE_FDATASYNC 1
| #define HAVE_USLEEP 1
| #define HAVE_LOCALTIME_R 1
| #define HAVE_GMTIME_R 1
| /* end confdefs.h.  */
| 
| /* Override any GCC internal prototype to avoid an error.
|    Use char because int might match the return type of a GCC
|    builtin and then its argument prototype would still apply.  */
| #ifdef __cplusplus
| extern "C"
| #endif
| char readline ();
| int
| main ()
| {
| return readline ();
|   ;
|   return 0;
| }
configure:19679: result: no
configure:19691: checking for readline
configure:19691: gcc -o conftest -g -O2   conftest.c  >&5
/tmp/ccUzMbMP.o: In function `main':
/home/vijay/Projects/spark-scheme/libs/sqlite/conftest.c:61: undefined reference to `readline'
collect2: ld returned 1 exit status
configure:19691: $? = 1
configure: failed program was:
| /* confdefs.h */
| #define PACKAGE_NAME "sqlite"
| #define PACKAGE_TARNAME "sqlite"
| #define PACKAGE_VERSION "3.5.9"
| #define PACKAGE_STRING "sqlite 3.5.9"
| #define PACKAGE_BUGREPORT "http://www.sqlite.org"
| #define PACKAGE_URL ""
| #define PACKAGE "sqlite"
| #define VERSION "3.5.9"
| #define _FILE_OFFSET_BITS 64
| #define STDC_HEADERS 1
| #define HAVE_SYS_TYPES_H 1
| #define HAVE_SYS_STAT_H 1
| #define HAVE_STDLIB_H 1
| #define HAVE_STRING_H 1
| #define HAVE_MEMORY_H 1
| #define HAVE_STRINGS_H 1
| #define HAVE_INTTYPES_H 1
| #define HAVE_STDINT_H 1
| #define HAVE_UNISTD_H 1
| #define HAVE_DLFCN_H 1
| #define HAVE_FDATASYNC 1
| #define HAVE_USLEEP 1
| #define HAVE_LOCALTIME_R 1
| #define HAVE_GMTIME_R 1
| /* end confdefs.h.  */
| /* Define readline to an innocuous variant, in case <limits.h> declares readline.
|    For example, HP-UX 11i <limits.h> declares gettimeofday.  */
| #define readline innocuous_readline
| 
| /* System header to define __stub macros and hopefully few prototypes,
|     which can conflict with char readline (); below.
|     Prefer <limits.h> to <assert.h> if __STDC__ is defined, since
|     <limits.h> exists even on freestanding compilers.  */
| 
| #ifdef __STDC__
| # include <limits.h>
| #else
| # include <assert.h>
| #endif
| 
| #undef readline
| 
| /* Override any GCC internal prototype to avoid an error.
|    Use char because int might match the return type of a GCC
|    builtin and then its argument prototype would still apply.  */
| #ifdef __cplusplus
| extern "C"
| #endif
| char readline ();
| /* The GNU C library defines this for functions which it implements
|     to always fail with ENOSYS.  Some functions are actually named
|     something starting with __ and the normal name is an alias.  */
| #if defined __stub_readline || defined __stub___readline
| choke me
| #endif
| 
| int
| main ()
| {
| return readline ();
|   ;
|   return 0;
| }
configure:19691: result: no
configure:19719: checking for library containing pthread_create
configure:19750: gcc -o conftest -g -O2   conftest.c  >&5
/tmp/ccD8MOEQ.o: In function `main':
/home/vijay/Projects/spark-scheme/libs/sqlite/conftest.c:38: undefined reference to `pthread_create'
collect2: ld returned 1 exit status
configure:19750: $? = 1
configure: failed program was:
| /* confdefs.h */
| #define PACKAGE_NAME "sqlite"
| #define PACKAGE_TARNAME "sqlite"
| #define PACKAGE_VERSION "3.5.9"
| #define PACKAGE_STRING "sqlite 3.5.9"
| #define PACKAGE_BUGREPORT "http://www.sqlite.org"
| #define PACKAGE_URL ""
| #define PACKAGE "sqlite"
| #define VERSION "3.5.9"
| #define _FILE_OFFSET_BITS 64
| #define STDC_HEADERS 1
| #define HAVE_SYS_TYPES_H 1
| #define HAVE_SYS_STAT_H 1
| #define HAVE_STDLIB_H 1
| #define HAVE_STRING_H 1
| #define HAVE_MEMORY_H 1
| #define HAVE_STRINGS_H 1
| #define HAVE_INTTYPES_H 1
| #define HAVE_STDINT_H 1
| #define HAVE_UNISTD_H 1
| #define HAVE_DLFCN_H 1
| #define HAVE_FDATASYNC 1
| #define HAVE_USLEEP 1
| #define HAVE_LOCALTIME_R 1
| #define HAVE_GMTIME_R 1
| /* end confdefs.h.  */
| 
| /* Override any GCC internal prototype to avoid an error.
|    Use char because int might match the return type of a GCC
|    builtin and then its argument prototype would still apply.  */
| #ifdef __cplusplus
| extern "C"
| #endif
| char pthread_create ();
| int
| main ()
| {
| return pthread_create ();
|   ;
|   return 0;
| }
configure:19750: gcc -o conftest -g -O2   conftest.c -lpthread   >&5
configure:19750: $? = 0
configure:19767: result: -lpthread
configure:19790: checking for library containing dlopen
configure:19821: gcc -o conftest -g -O2   conftest.c -lpthread  >&5
/tmp/cctXcHJ6.o: In function `main':
/home/vijay/Projects/spark-scheme/libs/sqlite/conftest.c:38: undefined reference to `dlopen'
collect2: ld returned 1 exit status
configure:19821: $? = 1
configure: failed program was:
| /* confdefs.h */
| #define PACKAGE_NAME "sqlite"
| #define PACKAGE_TARNAME "sqlite"
| #define PACKAGE_VERSION "3.5.9"
| #define PACKAGE_STRING "sqlite 3.5.9"
| #define PACKAGE_BUGREPORT "http://www.sqlite.org"
| #define PACKAGE_URL ""
| #define PACKAGE "sqlite"
| #define VERSION "3.5.9"
| #define _FILE_OFFSET_BITS 64
| #define STDC_HEADERS 1
| #define HAVE_SYS_TYPES_H 1
| #define HAVE_SYS_STAT_H 1
| #define HAVE_STDLIB_H 1
| #define HAVE_STRING_H 1
| #define HAVE_MEMORY_H 1
| #define HAVE_STRINGS_H 1
| #define HAVE_INTTYPES_H 1
| #define HAVE_STDINT_H 1
| #define HAVE_UNISTD_H 1
| #define HAVE_DLFCN_H 1
| #define HAVE_FDATASYNC 1
| #define HAVE_USLEEP 1
| #define HAVE_LOCALTIME_R 1
| #define HAVE_GMTIME_R 1
| /* end confdefs.h.  */
| 
| /* Override any GCC internal prototype to avoid an error.
|    Use char because int might match the return type of a GCC
|    builtin and then its argument prototype would still apply.  */
| #ifdef __cplusplus
| extern "C"
| #endif
| char dlopen ();
| int
| main ()
| {
| return dlopen ();
|   ;
|   return 0;
| }
configure:19821: gcc -o conftest -g -O2   conftest.c -ldl  -lpthread  >&5
configure:19821: $? = 0
configure:19838: result: -ldl
configure:19849: checking for whether to support dynamic extensions
configure:19851: result: yes
configure:20036: creating ./config.status

## ---------------- ##
## Cache variables. ##
## ---------------- ##

ac_cv_build=i686-pc-linux-gnu
ac_cv_c_compiler_gnu=yes
ac_cv_cxx_compiler_gnu=yes
ac_cv_env_CCC_set=
ac_cv_env_CCC_value=
ac_cv_env_CC_set=
ac_cv_env_CC_value=
ac_cv_env_CFLAGS_set=
ac_cv_env_CFLAGS_value=
ac_cv_env_CPPFLAGS_set=
ac_cv_env_CPPFLAGS_value=
ac_cv_env_CPP_set=
ac_cv_env_CPP_value=
ac_cv_env_CXXCPP_set=
ac_cv_env_CXXCPP_value=
ac_cv_env_CXXFLAGS_set=
ac_cv_env_CXXFLAGS_value=
ac_cv_env_CXX_set=
ac_cv_env_CXX_value=
ac_cv_env_F77_set=
ac_cv_env_F77_value=
ac_cv_env_FFLAGS_set=
ac_cv_env_FFLAGS_value=
ac_cv_env_LDFLAGS_set=
ac_cv_env_LDFLAGS_value=
ac_cv_env_LIBS_set=
ac_cv_env_LIBS_value=
ac_cv_env_build_alias_set=
ac_cv_env_build_alias_value=
ac_cv_env_host_alias_set=
ac_cv_env_host_alias_value=
ac_cv_env_target_alias_set=
ac_cv_env_target_alias_value=
ac_cv_f77_compiler_gnu=no
ac_cv_func_fdatasync=yes
ac_cv_func_fullfsync=no
ac_cv_func_gmtime_r=yes
ac_cv_func_localtime_r=yes
ac_cv_func_readline=no
ac_cv_func_usleep=yes
ac_cv_header_dlfcn_h=yes
ac_cv_header_inttypes_h=yes
ac_cv_header_memory_h=yes
ac_cv_header_stdc=yes
ac_cv_header_stdint_h=yes
ac_cv_header_stdlib_h=yes
ac_cv_header_string_h=yes
ac_cv_header_strings_h=yes
ac_cv_header_sys_stat_h=yes
ac_cv_header_sys_types_h=yes
ac_cv_header_unistd_h=yes
ac_cv_host=i686-pc-linux-gnu
ac_cv_objext=o
ac_cv_path_EGREP='/bin/grep -E'
ac_cv_path_GREP=/bin/grep
ac_cv_path_install='/usr/bin/install -c'
ac_cv_prog_AWK=mawk
ac_cv_prog_CPP='gcc -E'
ac_cv_prog_CXXCPP='g++ -E'
ac_cv_prog_ac_ct_AR=ar
ac_cv_prog_ac_ct_CC=gcc
ac_cv_prog_ac_ct_CXX=g++
ac_cv_prog_ac_ct_RANLIB=ranlib
ac_cv_prog_ac_ct_STRIP=strip
ac_cv_prog_cc_c89=
ac_cv_prog_cc_g=yes
ac_cv_prog_cxx_g=yes
ac_cv_prog_f77_g=no
ac_cv_prog_make_make_set=yes
ac_cv_search_dlopen=-ldl
ac_cv_search_pthread_create=-lpthread
ac_cv_search_readline=no
ac_cv_search_tgetent=no
ac_cv_sys_file_offset_bits=64
ac_cv_sys_largefile_CC=no
am_cv_CC_dependencies_compiler_type=gcc3
am_cv_CXX_dependencies_compiler_type=gcc3
lt_cv_deplibs_check_method=pass_all
lt_cv_file_magic_cmd='$MAGIC_CMD'
lt_cv_file_magic_test_file=
lt_cv_ld_reload_flag=-r
lt_cv_objdir=.libs
lt_cv_path_LD=/usr/bin/ld
lt_cv_path_LDCXX=/usr/bin/ld
lt_cv_path_NM='/usr/bin/nm -B'
lt_cv_path_SED=/bin/sed
lt_cv_prog_compiler_c_o=yes
lt_cv_prog_compiler_c_o_CXX=yes
lt_cv_prog_compiler_rtti_exceptions=no
lt_cv_prog_gnu_ld=yes
lt_cv_prog_gnu_ldcxx=yes
lt_cv_sys_global_symbol_pipe='sed -n -e '\''s/^.*[ 	]\([ABCDGIRSTW][ABCDGIRSTW]*\)[ 	][ 	]*\([_A-Za-z][_A-Za-z0-9]*\)$/\1 \2 \2/p'\'''
lt_cv_sys_global_symbol_to_c_name_address='sed -n -e '\''s/^: \([^ ]*\) $/  {\"\1\", (lt_ptr) 0},/p'\'' -e '\''s/^[BCDEGRST] \([^ ]*\) \([^ ]*\)$/  {"\2", (lt_ptr) \&\2},/p'\'''
lt_cv_sys_global_symbol_to_cdecl='sed -n -e '\''s/^. .* \(.*\)$/extern int \1;/p'\'''
lt_cv_sys_max_cmd_len=805306365
lt_lt_cv_prog_compiler_c_o='"yes"'
lt_lt_cv_prog_compiler_c_o_CXX='"yes"'
lt_lt_cv_sys_global_symbol_pipe='"sed -n -e '\''s/^.*[ 	]\\([ABCDGIRSTW][ABCDGIRSTW]*\\)[ 	][ 	]*\\([_A-Za-z][_A-Za-z0-9]*\\)\$/\\1 \\2 \\2/p'\''"'
lt_lt_cv_sys_global_symbol_to_c_name_address='"sed -n -e '\''s/^: \\([^ ]*\\) \$/  {\\\"\\1\\\", (lt_ptr) 0},/p'\'' -e '\''s/^[BCDEGRST] \\([^ ]*\\) \\([^ ]*\\)\$/  {\"\\2\", (lt_ptr) \\&\\2},/p'\''"'
lt_lt_cv_sys_global_symbol_to_cdecl='"sed -n -e '\''s/^. .* \\(.*\\)\$/extern int \\1;/p'\''"'

## ----------------- ##
## Output variables. ##
## ----------------- ##

ACLOCAL='${SHELL} /home/vijay/Projects/spark-scheme/libs/sqlite/missing --run aclocal-1.9'
AMDEPBACKSLASH='\'
AMDEP_FALSE='#'
AMDEP_TRUE=''
AMTAR='${SHELL} /home/vijay/Projects/spark-scheme/libs/sqlite/missing --run tar'
AR='ar'
AUTOCONF='${SHELL} /home/vijay/Projects/spark-scheme/libs/sqlite/missing --run autoconf'
AUTOHEADER='${SHELL} /home/vijay/Projects/spark-scheme/libs/sqlite/missing --run autoheader'
AUTOMAKE='${SHELL} /home/vijay/Projects/spark-scheme/libs/sqlite/missing --run automake-1.9'
AWK='mawk'
CC='gcc'
CCDEPMODE='depmode=gcc3'
CFLAGS='-g -O2'
CPP='gcc -E'
CPPFLAGS=''
CXX='g++'
CXXCPP='g++ -E'
CXXDEPMODE='depmode=gcc3'
CXXFLAGS='-g -O2'
CYGPATH_W='echo'
DEFS='-DPACKAGE_NAME=\"sqlite\" -DPACKAGE_TARNAME=\"sqlite\" -DPACKAGE_VERSION=\"3.5.9\" -DPACKAGE_STRING=\"sqlite\ 3.5.9\" -DPACKAGE_BUGREPORT=\"http://www.sqlite.org\" -DPACKAGE_URL=\"\" -DPACKAGE=\"sqlite\" -DVERSION=\"3.5.9\" -D_FILE_OFFSET_BITS=64 -DSTDC_HEADERS=1 -DHAVE_SYS_TYPES_H=1 -DHAVE_SYS_STAT_H=1 -DHAVE_STDLIB_H=1 -DHAVE_STRING_H=1 -DHAVE_MEMORY_H=1 -DHAVE_STRINGS_H=1 -DHAVE_INTTYPES_H=1 -DHAVE_STDINT_H=1 -DHAVE_UNISTD_H=1 -DHAVE_DLFCN_H=1 -DHAVE_FDATASYNC=1 -DHAVE_USLEEP=1 -DHAVE_LOCALTIME_R=1 -DHAVE_GMTIME_R=1'
DEPDIR='.deps'
DYNAMIC_EXTENSION_FLAGS=''
ECHO='echo'
ECHO_C=''
ECHO_N='-n'
ECHO_T=''
EGREP='/bin/grep -E'
EXEEXT=''
F77=''
FFLAGS=''
GREP='/bin/grep'
INSTALL_DATA='${INSTALL} -m 644'
INSTALL_PROGRAM='${INSTALL}'
INSTALL_SCRIPT='${INSTALL}'
INSTALL_STRIP_PROGRAM='${SHELL} $(install_sh) -c -s'
LDFLAGS=''
LIBOBJS=''
LIBS='-ldl -lpthread '
LIBTOOL='$(SHELL) $(top_builddir)/libtool'
LN_S='ln -s'
LTLIBOBJS=''
MAKEINFO='${SHELL} /home/vijay/Projects/spark-scheme/libs/sqlite/missing --run makeinfo'
OBJEXT='o'
PACKAGE='sqlite'
PACKAGE_BUGREPORT='http://www.sqlite.org'
PACKAGE_NAME='sqlite'
PACKAGE_STRING='sqlite 3.5.9'
PACKAGE_TARNAME='sqlite'
PACKAGE_URL=''
PACKAGE_VERSION='3.5.9'
PATH_SEPARATOR=':'
RANLIB='ranlib'
READLINE_LIBS=''
SED='/bin/sed'
SET_MAKE=''
SHELL='/bin/bash'
STRIP='strip'
THREADSAFE_FLAGS='-DSQLITE_THREADSAFE=1'
VERSION='3.5.9'
ac_ct_CC='gcc'
ac_ct_CXX='g++'
ac_ct_F77=''
am__fastdepCC_FALSE='#'
am__fastdepCC_TRUE=''
am__fastdepCXX_FALSE='#'
am__fastdepCXX_TRUE=''
am__include='include'
am__leading_dot='.'
am__quote=''
am__tar='${AMTAR} chof - "$$tardir"'
am__untar='${AMTAR} xf -'
bindir='${exec_prefix}/bin'
build='i686-pc-linux-gnu'
build_alias=''
build_cpu='i686'
build_os='linux-gnu'
build_vendor='pc'
datadir='${datarootdir}'
datarootdir='${prefix}/share'
docdir='${datarootdir}/doc/${PACKAGE_TARNAME}'
dvidir='${docdir}'
exec_prefix='${prefix}'
host='i686-pc-linux-gnu'
host_alias=''
host_cpu='i686'
host_os='linux-gnu'
host_vendor='pc'
htmldir='${docdir}'
includedir='${prefix}/include'
infodir='${datarootdir}/info'
install_sh='/home/vijay/Projects/spark-scheme/libs/sqlite/install-sh'
libdir='${exec_prefix}/lib'
libexecdir='${exec_prefix}/libexec'
localedir='${datarootdir}/locale'
localstatedir='${prefix}/var'
mandir='${datarootdir}/man'
mkdir_p='mkdir -p --'
oldincludedir='/usr/include'
pdfdir='${docdir}'
prefix='/usr/local'
program_transform_name='s,x,x,'
psdir='${docdir}'
sbindir='${exec_prefix}/sbin'
sharedstatedir='${prefix}/com'
sysconfdir='${prefix}/etc'
target_alias=''

## ----------- ##
## confdefs.h. ##
## ----------- ##

/* confdefs.h */
#define PACKAGE_NAME "sqlite"
#define PACKAGE_TARNAME "sqlite"
#define PACKAGE_VERSION "3.5.9"
#define PACKAGE_STRING "sqlite 3.5.9"
#define PACKAGE_BUGREPORT "http://www.sqlite.org"
#define PACKAGE_URL ""
#define PACKAGE "sqlite"
#define VERSION "3.5.9"
#define _FILE_OFFSET_BITS 64
#define STDC_HEADERS 1
#define HAVE_SYS_TYPES_H 1
#define HAVE_SYS_STAT_H 1
#define HAVE_STDLIB_H 1
#define HAVE_STRING_H 1
#define HAVE_MEMORY_H 1
#define HAVE_STRINGS_H 1
#define HAVE_INTTYPES_H 1
#define HAVE_STDINT_H 1
#define HAVE_UNISTD_H 1
#define HAVE_DLFCN_H 1
#define HAVE_FDATASYNC 1
#define HAVE_USLEEP 1
#define HAVE_LOCALTIME_R 1
#define HAVE_GMTIME_R 1

configure: exit 0

## ---------------------- ##
## Running config.status. ##
## ---------------------- ##

This file was extended by sqlite config.status 3.5.9, which was
generated by GNU Autoconf 2.67.  Invocation command line was

  CONFIG_FILES    = 
  CONFIG_HEADERS  = 
  CONFIG_LINKS    = 
  CONFIG_COMMANDS = 
  $ ./config.status 

on vijay-Lenovo-IdeaPad-Y510

config.status:803: creating Makefile
config.status:968: executing depfiles commands
